The system is: Darwin - 18.7.0 - x86_64
Compiling the CXX compiler identification source file "CMakeCXXCompilerId.cpp" succeeded.
Compiler: /Applications/mesasdk/bin/c++ 
Build flags: 
Id flags:  

The output was:
0


Compilation of the CXX compiler identification source "CMakeCXXCompilerId.cpp" produced "a.out"

The CXX compiler identification is GNU, found in "/Users/marco/Documents/Dev/FCombLibrary/pybind11/CMakeFiles/3.10.2/CompilerIdCXX/a.out"

Determining if the CXX compiler works passed with the following output:
Change Dir: /Users/marco/Documents/Dev/FCombLibrary/pybind11/CMakeFiles/CMakeTmp

Run Build Command:"/usr/bin/make" "cmTC_bd518/fast"
/Library/Developer/CommandLineTools/usr/bin/make -f CMakeFiles/cmTC_bd518.dir/build.make CMakeFiles/cmTC_bd518.dir/build
Building CXX object CMakeFiles/cmTC_bd518.dir/testCXXCompiler.cxx.o
/Applications/mesasdk/bin/c++     -o CMakeFiles/cmTC_bd518.dir/testCXXCompiler.cxx.o -c /Users/marco/Documents/Dev/FCombLibrary/pybind11/CMakeFiles/CMakeTmp/testCXXCompiler.cxx
Linking CXX executable cmTC_bd518
/usr/local/Cellar/cmake/3.10.2/bin/cmake -E cmake_link_script CMakeFiles/cmTC_bd518.dir/link.txt --verbose=1
/Applications/mesasdk/bin/c++    -Wl,-search_paths_first -Wl,-headerpad_max_install_names -L/usr/local/opt/zlib/lib -L/usr/local/opt/sqlite/lib  CMakeFiles/cmTC_bd518.dir/testCXXCompiler.cxx.o  -o cmTC_bd518 


Detecting CXX compiler ABI info compiled with the following output:
Change Dir: /Users/marco/Documents/Dev/FCombLibrary/pybind11/CMakeFiles/CMakeTmp

Run Build Command:"/usr/bin/make" "cmTC_e22ab/fast"
/Library/Developer/CommandLineTools/usr/bin/make -f CMakeFiles/cmTC_e22ab.dir/build.make CMakeFiles/cmTC_e22ab.dir/build
Building CXX object CMakeFiles/cmTC_e22ab.dir/CMakeCXXCompilerABI.cpp.o
/Applications/mesasdk/bin/c++     -o CMakeFiles/cmTC_e22ab.dir/CMakeCXXCompilerABI.cpp.o -c /usr/local/Cellar/cmake/3.10.2/share/cmake/Modules/CMakeCXXCompilerABI.cpp
Linking CXX executable cmTC_e22ab
/usr/local/Cellar/cmake/3.10.2/bin/cmake -E cmake_link_script CMakeFiles/cmTC_e22ab.dir/link.txt --verbose=1
/Applications/mesasdk/bin/c++    -Wl,-search_paths_first -Wl,-headerpad_max_install_names -L/usr/local/opt/zlib/lib -L/usr/local/opt/sqlite/lib -v -Wl,-v CMakeFiles/cmTC_e22ab.dir/CMakeCXXCompilerABI.cpp.o  -o cmTC_e22ab 
Using built-in specs.
COLLECT_GCC=/Applications/mesasdk/bin/c++.exec
COLLECT_LTO_WRAPPER=/Applications/mesasdk/libexec/gcc/x86_64-apple-darwin17.3.0/7.2.0/lto-wrapper
Target: x86_64-apple-darwin17.3.0
Configured with: /Users/townsend/devel/mesasdk-src/gcc/configure CC='gcc -D_FORTIFY_SOURCE=0' --build=x86_64-apple-darwin17.3.0 --prefix=/Applications/mesasdk --with-gmp=/Applications/mesasdk --with-mpfr=/Applications/mesasdk --with-mpc=/Applications/mesasdk --enable-languages=c,c++,fortran --disable-multilib --disable-nls --disable-libsanitizer
Thread model: posix
gcc version 7.2.0 (GCC) 
COMPILER_PATH=/Applications/mesasdk/libexec/gcc/x86_64-apple-darwin17.3.0/7.2.0/:/Applications/mesasdk/libexec/gcc/x86_64-apple-darwin17.3.0/7.2.0/:/Applications/mesasdk/libexec/gcc/x86_64-apple-darwin17.3.0/:/Applications/mesasdk/lib/gcc/x86_64-apple-darwin17.3.0/7.2.0/:/Applications/mesasdk/lib/gcc/x86_64-apple-darwin17.3.0/
LIBRARY_PATH=/Applications/mesasdk/lib/gcc/x86_64-apple-darwin17.3.0/7.2.0/:/Applications/mesasdk/lib/gcc/x86_64-apple-darwin17.3.0/7.2.0/../../../
COLLECT_GCC_OPTIONS='-isysroot' '/' '-isystem' '/Applications/mesasdk/include' '-L/usr/local/opt/zlib/lib' '-L/usr/local/opt/sqlite/lib' '-v' '-o' 'cmTC_e22ab' '-mmacosx-version-min=10.14.7' '-asm_macosx_version_min=10.14' '-shared-libgcc' '-mtune=core2'
 /Applications/mesasdk/libexec/gcc/x86_64-apple-darwin17.3.0/7.2.0/collect2 -dynamic -arch x86_64 -macosx_version_min 10.14.7 -syslibroot / -weak_reference_mismatches non-weak -o cmTC_e22ab -L/usr/local/opt/zlib/lib -L/usr/local/opt/sqlite/lib -L/Applications/mesasdk/lib/gcc/x86_64-apple-darwin17.3.0/7.2.0 -L/Applications/mesasdk/lib/gcc/x86_64-apple-darwin17.3.0/7.2.0/../../.. -search_paths_first -headerpad_max_install_names -v CMakeFiles/cmTC_e22ab.dir/CMakeCXXCompilerABI.cpp.o -lstdc++ -no_compact_unwind -lSystem -lgcc_ext.10.5 -lgcc -lSystem -v
collect2 version 7.2.0
/usr/bin/ld -dynamic -arch x86_64 -macosx_version_min 10.14.7 -syslibroot / -weak_reference_mismatches non-weak -o cmTC_e22ab -L/usr/local/opt/zlib/lib -L/usr/local/opt/sqlite/lib -L/Applications/mesasdk/lib/gcc/x86_64-apple-darwin17.3.0/7.2.0 -L/Applications/mesasdk/lib/gcc/x86_64-apple-darwin17.3.0/7.2.0/../../.. -search_paths_first -headerpad_max_install_names -v CMakeFiles/cmTC_e22ab.dir/CMakeCXXCompilerABI.cpp.o -lstdc++ -no_compact_unwind -lSystem -lgcc_ext.10.5 -lgcc -lSystem -v
@(#)PROGRAM:ld  PROJECT:ld64-450.3
BUILD 18:16:53 Apr  5 2019
configured to support archs: armv6 armv7 armv7s arm64 arm64e arm64_32 i386 x86_64 x86_64h armv6m armv7k armv7m armv7em
@(#)PROGRAM:ld  PROJECT:ld64-450.3
BUILD 18:16:53 Apr  5 2019
configured to support archs: armv6 armv7 armv7s arm64 arm64e arm64_32 i386 x86_64 x86_64h armv6m armv7k armv7m armv7em
Library search paths:
	/usr/local/opt/zlib/lib
	/usr/local/opt/sqlite/lib
	/Applications/mesasdk/lib/gcc/x86_64-apple-darwin17.3.0/7.2.0
	/Applications/mesasdk/lib
	/usr/lib
	/usr/local/lib
Framework search paths:
	/Library/Frameworks/
	/System/Library/Frameworks/
 /usr/bin/nm -n CMakeFiles/cmTC_e22ab.dir/CMakeCXXCompilerABI.cpp.o


Parsed CXX implicit link information from above output:
  link line regex: [^( *|.*[/\])(ld|CMAKE_LINK_STARTFILE-NOTFOUND|([^/\]+-)?ld|collect2)[^/\]*( |$)]
  ignore line: [Change Dir: /Users/marco/Documents/Dev/FCombLibrary/pybind11/CMakeFiles/CMakeTmp]
  ignore line: []
  ignore line: [Run Build Command:"/usr/bin/make" "cmTC_e22ab/fast"]
  ignore line: [/Library/Developer/CommandLineTools/usr/bin/make -f CMakeFiles/cmTC_e22ab.dir/build.make CMakeFiles/cmTC_e22ab.dir/build]
  ignore line: [Building CXX object CMakeFiles/cmTC_e22ab.dir/CMakeCXXCompilerABI.cpp.o]
  ignore line: [/Applications/mesasdk/bin/c++     -o CMakeFiles/cmTC_e22ab.dir/CMakeCXXCompilerABI.cpp.o -c /usr/local/Cellar/cmake/3.10.2/share/cmake/Modules/CMakeCXXCompilerABI.cpp]
  ignore line: [Linking CXX executable cmTC_e22ab]
  ignore line: [/usr/local/Cellar/cmake/3.10.2/bin/cmake -E cmake_link_script CMakeFiles/cmTC_e22ab.dir/link.txt --verbose=1]
  ignore line: [/Applications/mesasdk/bin/c++    -Wl,-search_paths_first -Wl,-headerpad_max_install_names -L/usr/local/opt/zlib/lib -L/usr/local/opt/sqlite/lib -v -Wl,-v CMakeFiles/cmTC_e22ab.dir/CMakeCXXCompilerABI.cpp.o  -o cmTC_e22ab ]
  ignore line: [Using built-in specs.]
  ignore line: [COLLECT_GCC=/Applications/mesasdk/bin/c++.exec]
  ignore line: [COLLECT_LTO_WRAPPER=/Applications/mesasdk/libexec/gcc/x86_64-apple-darwin17.3.0/7.2.0/lto-wrapper]
  ignore line: [Target: x86_64-apple-darwin17.3.0]
  ignore line: [Configured with: /Users/townsend/devel/mesasdk-src/gcc/configure CC='gcc -D_FORTIFY_SOURCE=0' --build=x86_64-apple-darwin17.3.0 --prefix=/Applications/mesasdk --with-gmp=/Applications/mesasdk --with-mpfr=/Applications/mesasdk --with-mpc=/Applications/mesasdk --enable-languages=c,c++,fortran --disable-multilib --disable-nls --disable-libsanitizer]
  ignore line: [Thread model: posix]
  ignore line: [gcc version 7.2.0 (GCC) ]
  ignore line: [COMPILER_PATH=/Applications/mesasdk/libexec/gcc/x86_64-apple-darwin17.3.0/7.2.0/:/Applications/mesasdk/libexec/gcc/x86_64-apple-darwin17.3.0/7.2.0/:/Applications/mesasdk/libexec/gcc/x86_64-apple-darwin17.3.0/:/Applications/mesasdk/lib/gcc/x86_64-apple-darwin17.3.0/7.2.0/:/Applications/mesasdk/lib/gcc/x86_64-apple-darwin17.3.0/]
  ignore line: [LIBRARY_PATH=/Applications/mesasdk/lib/gcc/x86_64-apple-darwin17.3.0/7.2.0/:/Applications/mesasdk/lib/gcc/x86_64-apple-darwin17.3.0/7.2.0/../../../]
  ignore line: [COLLECT_GCC_OPTIONS='-isysroot' '/' '-isystem' '/Applications/mesasdk/include' '-L/usr/local/opt/zlib/lib' '-L/usr/local/opt/sqlite/lib' '-v' '-o' 'cmTC_e22ab' '-mmacosx-version-min=10.14.7' '-asm_macosx_version_min=10.14' '-shared-libgcc' '-mtune=core2']
  link line: [ /Applications/mesasdk/libexec/gcc/x86_64-apple-darwin17.3.0/7.2.0/collect2 -dynamic -arch x86_64 -macosx_version_min 10.14.7 -syslibroot / -weak_reference_mismatches non-weak -o cmTC_e22ab -L/usr/local/opt/zlib/lib -L/usr/local/opt/sqlite/lib -L/Applications/mesasdk/lib/gcc/x86_64-apple-darwin17.3.0/7.2.0 -L/Applications/mesasdk/lib/gcc/x86_64-apple-darwin17.3.0/7.2.0/../../.. -search_paths_first -headerpad_max_install_names -v CMakeFiles/cmTC_e22ab.dir/CMakeCXXCompilerABI.cpp.o -lstdc++ -no_compact_unwind -lSystem -lgcc_ext.10.5 -lgcc -lSystem -v]
    arg [/Applications/mesasdk/libexec/gcc/x86_64-apple-darwin17.3.0/7.2.0/collect2] ==> ignore
    arg [-dynamic] ==> ignore
    arg [-arch] ==> ignore
    arg [x86_64] ==> ignore
    arg [-macosx_version_min] ==> ignore
    arg [10.14.7] ==> ignore
    arg [-syslibroot] ==> ignore
    arg [/] ==> ignore
    arg [-weak_reference_mismatches] ==> ignore
    arg [non-weak] ==> ignore
    arg [-o] ==> ignore
    arg [cmTC_e22ab] ==> ignore
    arg [-L/usr/local/opt/zlib/lib] ==> dir [/usr/local/opt/zlib/lib]
    arg [-L/usr/local/opt/sqlite/lib] ==> dir [/usr/local/opt/sqlite/lib]
    arg [-L/Applications/mesasdk/lib/gcc/x86_64-apple-darwin17.3.0/7.2.0] ==> dir [/Applications/mesasdk/lib/gcc/x86_64-apple-darwin17.3.0/7.2.0]
    arg [-L/Applications/mesasdk/lib/gcc/x86_64-apple-darwin17.3.0/7.2.0/../../..] ==> dir [/Applications/mesasdk/lib/gcc/x86_64-apple-darwin17.3.0/7.2.0/../../..]
    arg [-search_paths_first] ==> ignore
    arg [-headerpad_max_install_names] ==> ignore
    arg [-v] ==> ignore
    arg [CMakeFiles/cmTC_e22ab.dir/CMakeCXXCompilerABI.cpp.o] ==> ignore
    arg [-lstdc++] ==> lib [stdc++]
    arg [-no_compact_unwind] ==> ignore
    arg [-lSystem] ==> lib [System]
    arg [-lgcc_ext.10.5] ==> lib [gcc_ext.10.5]
    arg [-lgcc] ==> lib [gcc]
    arg [-lSystem] ==> lib [System]
    arg [-v] ==> ignore
  Library search paths: [;/usr/local/opt/zlib/lib;/usr/local/opt/sqlite/lib;/Applications/mesasdk/lib/gcc/x86_64-apple-darwin17.3.0/7.2.0;/Applications/mesasdk/lib;/usr/lib;/usr/local/lib]
  Framework search paths: [;/Library/Frameworks/;/System/Library/Frameworks/]
  remove lib [System]
  remove lib [System]
  collapse library dir [/usr/local/opt/zlib/lib] ==> [/usr/local/opt/zlib/lib]
  collapse library dir [/usr/local/opt/sqlite/lib] ==> [/usr/local/opt/sqlite/lib]
  collapse library dir [/Applications/mesasdk/lib/gcc/x86_64-apple-darwin17.3.0/7.2.0] ==> [/Applications/mesasdk/lib/gcc/x86_64-apple-darwin17.3.0/7.2.0]
  collapse library dir [/Applications/mesasdk/lib/gcc/x86_64-apple-darwin17.3.0/7.2.0/../../..] ==> [/Applications/mesasdk/lib]
  collapse library dir [/usr/local/opt/zlib/lib] ==> [/usr/local/opt/zlib/lib]
  collapse library dir [/usr/local/opt/sqlite/lib] ==> [/usr/local/opt/sqlite/lib]
  collapse library dir [/Applications/mesasdk/lib/gcc/x86_64-apple-darwin17.3.0/7.2.0] ==> [/Applications/mesasdk/lib/gcc/x86_64-apple-darwin17.3.0/7.2.0]
  collapse library dir [/Applications/mesasdk/lib] ==> [/Applications/mesasdk/lib]
  collapse library dir [/usr/lib] ==> [/usr/lib]
  collapse library dir [/usr/local/lib] ==> [/usr/local/lib]
  collapse framework dir [/Library/Frameworks/] ==> [/Library/Frameworks]
  collapse framework dir [/System/Library/Frameworks/] ==> [/System/Library/Frameworks]
  implicit libs: [stdc++;gcc_ext.10.5;gcc]
  implicit dirs: [/usr/local/opt/zlib/lib;/usr/local/opt/sqlite/lib;/Applications/mesasdk/lib/gcc/x86_64-apple-darwin17.3.0/7.2.0;/Applications/mesasdk/lib;/usr/lib;/usr/local/lib]
  implicit fwks: [/Library/Frameworks;/System/Library/Frameworks]




Detecting CXX [-std=c++1z] compiler features compiled with the following output:
Change Dir: /Users/marco/Documents/Dev/FCombLibrary/pybind11/CMakeFiles/CMakeTmp

Run Build Command:"/usr/bin/make" "cmTC_cd7b6/fast"
/Library/Developer/CommandLineTools/usr/bin/make -f CMakeFiles/cmTC_cd7b6.dir/build.make CMakeFiles/cmTC_cd7b6.dir/build
Building CXX object CMakeFiles/cmTC_cd7b6.dir/feature_tests.cxx.o
/Applications/mesasdk/bin/c++    -std=c++1z -o CMakeFiles/cmTC_cd7b6.dir/feature_tests.cxx.o -c /Users/marco/Documents/Dev/FCombLibrary/pybind11/CMakeFiles/feature_tests.cxx
Linking CXX executable cmTC_cd7b6
/usr/local/Cellar/cmake/3.10.2/bin/cmake -E cmake_link_script CMakeFiles/cmTC_cd7b6.dir/link.txt --verbose=1
/Applications/mesasdk/bin/c++    -Wl,-search_paths_first -Wl,-headerpad_max_install_names -L/usr/local/opt/zlib/lib -L/usr/local/opt/sqlite/lib  CMakeFiles/cmTC_cd7b6.dir/feature_tests.cxx.o  -o cmTC_cd7b6 


    Feature record: CXX_FEATURE:1cxx_aggregate_default_initializers
    Feature record: CXX_FEATURE:1cxx_alias_templates
    Feature record: CXX_FEATURE:1cxx_alignas
    Feature record: CXX_FEATURE:1cxx_alignof
    Feature record: CXX_FEATURE:1cxx_attributes
    Feature record: CXX_FEATURE:1cxx_attribute_deprecated
    Feature record: CXX_FEATURE:1cxx_auto_type
    Feature record: CXX_FEATURE:1cxx_binary_literals
    Feature record: CXX_FEATURE:1cxx_constexpr
    Feature record: CXX_FEATURE:1cxx_contextual_conversions
    Feature record: CXX_FEATURE:1cxx_decltype
    Feature record: CXX_FEATURE:1cxx_decltype_auto
    Feature record: CXX_FEATURE:1cxx_decltype_incomplete_return_types
    Feature record: CXX_FEATURE:1cxx_default_function_template_args
    Feature record: CXX_FEATURE:1cxx_defaulted_functions
    Feature record: CXX_FEATURE:1cxx_defaulted_move_initializers
    Feature record: CXX_FEATURE:1cxx_delegating_constructors
    Feature record: CXX_FEATURE:1cxx_deleted_functions
    Feature record: CXX_FEATURE:1cxx_digit_separators
    Feature record: CXX_FEATURE:1cxx_enum_forward_declarations
    Feature record: CXX_FEATURE:1cxx_explicit_conversions
    Feature record: CXX_FEATURE:1cxx_extended_friend_declarations
    Feature record: CXX_FEATURE:1cxx_extern_templates
    Feature record: CXX_FEATURE:1cxx_final
    Feature record: CXX_FEATURE:1cxx_func_identifier
    Feature record: CXX_FEATURE:1cxx_generalized_initializers
    Feature record: CXX_FEATURE:1cxx_generic_lambdas
    Feature record: CXX_FEATURE:1cxx_inheriting_constructors
    Feature record: CXX_FEATURE:1cxx_inline_namespaces
    Feature record: CXX_FEATURE:1cxx_lambdas
    Feature record: CXX_FEATURE:1cxx_lambda_init_captures
    Feature record: CXX_FEATURE:1cxx_local_type_template_args
    Feature record: CXX_FEATURE:1cxx_long_long_type
    Feature record: CXX_FEATURE:1cxx_noexcept
    Feature record: CXX_FEATURE:1cxx_nonstatic_member_init
    Feature record: CXX_FEATURE:1cxx_nullptr
    Feature record: CXX_FEATURE:1cxx_override
    Feature record: CXX_FEATURE:1cxx_range_for
    Feature record: CXX_FEATURE:1cxx_raw_string_literals
    Feature record: CXX_FEATURE:1cxx_reference_qualified_functions
    Feature record: CXX_FEATURE:1cxx_relaxed_constexpr
    Feature record: CXX_FEATURE:1cxx_return_type_deduction
    Feature record: CXX_FEATURE:1cxx_right_angle_brackets
    Feature record: CXX_FEATURE:1cxx_rvalue_references
    Feature record: CXX_FEATURE:1cxx_sizeof_member
    Feature record: CXX_FEATURE:1cxx_static_assert
    Feature record: CXX_FEATURE:1cxx_strong_enums
    Feature record: CXX_FEATURE:1cxx_template_template_parameters
    Feature record: CXX_FEATURE:1cxx_thread_local
    Feature record: CXX_FEATURE:1cxx_trailing_return_types
    Feature record: CXX_FEATURE:1cxx_unicode_literals
    Feature record: CXX_FEATURE:1cxx_uniform_initialization
    Feature record: CXX_FEATURE:1cxx_unrestricted_unions
    Feature record: CXX_FEATURE:1cxx_user_literals
    Feature record: CXX_FEATURE:1cxx_variable_templates
    Feature record: CXX_FEATURE:1cxx_variadic_macros
    Feature record: CXX_FEATURE:1cxx_variadic_templates


Detecting CXX [-std=c++14] compiler features compiled with the following output:
Change Dir: /Users/marco/Documents/Dev/FCombLibrary/pybind11/CMakeFiles/CMakeTmp

Run Build Command:"/usr/bin/make" "cmTC_6bba1/fast"
/Library/Developer/CommandLineTools/usr/bin/make -f CMakeFiles/cmTC_6bba1.dir/build.make CMakeFiles/cmTC_6bba1.dir/build
Building CXX object CMakeFiles/cmTC_6bba1.dir/feature_tests.cxx.o
/Applications/mesasdk/bin/c++    -std=c++14 -o CMakeFiles/cmTC_6bba1.dir/feature_tests.cxx.o -c /Users/marco/Documents/Dev/FCombLibrary/pybind11/CMakeFiles/feature_tests.cxx
Linking CXX executable cmTC_6bba1
/usr/local/Cellar/cmake/3.10.2/bin/cmake -E cmake_link_script CMakeFiles/cmTC_6bba1.dir/link.txt --verbose=1
/Applications/mesasdk/bin/c++    -Wl,-search_paths_first -Wl,-headerpad_max_install_names -L/usr/local/opt/zlib/lib -L/usr/local/opt/sqlite/lib  CMakeFiles/cmTC_6bba1.dir/feature_tests.cxx.o  -o cmTC_6bba1 


    Feature record: CXX_FEATURE:1cxx_aggregate_default_initializers
    Feature record: CXX_FEATURE:1cxx_alias_templates
    Feature record: CXX_FEATURE:1cxx_alignas
    Feature record: CXX_FEATURE:1cxx_alignof
    Feature record: CXX_FEATURE:1cxx_attributes
    Feature record: CXX_FEATURE:1cxx_attribute_deprecated
    Feature record: CXX_FEATURE:1cxx_auto_type
    Feature record: CXX_FEATURE:1cxx_binary_literals
    Feature record: CXX_FEATURE:1cxx_constexpr
    Feature record: CXX_FEATURE:1cxx_contextual_conversions
    Feature record: CXX_FEATURE:1cxx_decltype
    Feature record: CXX_FEATURE:1cxx_decltype_auto
    Feature record: CXX_FEATURE:1cxx_decltype_incomplete_return_types
    Feature record: CXX_FEATURE:1cxx_default_function_template_args
    Feature record: CXX_FEATURE:1cxx_defaulted_functions
    Feature record: CXX_FEATURE:1cxx_defaulted_move_initializers
    Feature record: CXX_FEATURE:1cxx_delegating_constructors
    Feature record: CXX_FEATURE:1cxx_deleted_functions
    Feature record: CXX_FEATURE:1cxx_digit_separators
    Feature record: CXX_FEATURE:1cxx_enum_forward_declarations
    Feature record: CXX_FEATURE:1cxx_explicit_conversions
    Feature record: CXX_FEATURE:1cxx_extended_friend_declarations
    Feature record: CXX_FEATURE:1cxx_extern_templates
    Feature record: CXX_FEATURE:1cxx_final
    Feature record: CXX_FEATURE:1cxx_func_identifier
    Feature record: CXX_FEATURE:1cxx_generalized_initializers
    Feature record: CXX_FEATURE:1cxx_generic_lambdas
    Feature record: CXX_FEATURE:1cxx_inheriting_constructors
    Feature record: CXX_FEATURE:1cxx_inline_namespaces
    Feature record: CXX_FEATURE:1cxx_lambdas
    Feature record: CXX_FEATURE:1cxx_lambda_init_captures
    Feature record: CXX_FEATURE:1cxx_local_type_template_args
    Feature record: CXX_FEATURE:1cxx_long_long_type
    Feature record: CXX_FEATURE:1cxx_noexcept
    Feature record: CXX_FEATURE:1cxx_nonstatic_member_init
    Feature record: CXX_FEATURE:1cxx_nullptr
    Feature record: CXX_FEATURE:1cxx_override
    Feature record: CXX_FEATURE:1cxx_range_for
    Feature record: CXX_FEATURE:1cxx_raw_string_literals
    Feature record: CXX_FEATURE:1cxx_reference_qualified_functions
    Feature record: CXX_FEATURE:1cxx_relaxed_constexpr
    Feature record: CXX_FEATURE:1cxx_return_type_deduction
    Feature record: CXX_FEATURE:1cxx_right_angle_brackets
    Feature record: CXX_FEATURE:1cxx_rvalue_references
    Feature record: CXX_FEATURE:1cxx_sizeof_member
    Feature record: CXX_FEATURE:1cxx_static_assert
    Feature record: CXX_FEATURE:1cxx_strong_enums
    Feature record: CXX_FEATURE:1cxx_template_template_parameters
    Feature record: CXX_FEATURE:1cxx_thread_local
    Feature record: CXX_FEATURE:1cxx_trailing_return_types
    Feature record: CXX_FEATURE:1cxx_unicode_literals
    Feature record: CXX_FEATURE:1cxx_uniform_initialization
    Feature record: CXX_FEATURE:1cxx_unrestricted_unions
    Feature record: CXX_FEATURE:1cxx_user_literals
    Feature record: CXX_FEATURE:1cxx_variable_templates
    Feature record: CXX_FEATURE:1cxx_variadic_macros
    Feature record: CXX_FEATURE:1cxx_variadic_templates


Detecting CXX [-std=c++11] compiler features compiled with the following output:
Change Dir: /Users/marco/Documents/Dev/FCombLibrary/pybind11/CMakeFiles/CMakeTmp

Run Build Command:"/usr/bin/make" "cmTC_a7626/fast"
/Library/Developer/CommandLineTools/usr/bin/make -f CMakeFiles/cmTC_a7626.dir/build.make CMakeFiles/cmTC_a7626.dir/build
Building CXX object CMakeFiles/cmTC_a7626.dir/feature_tests.cxx.o
/Applications/mesasdk/bin/c++    -std=c++11 -o CMakeFiles/cmTC_a7626.dir/feature_tests.cxx.o -c /Users/marco/Documents/Dev/FCombLibrary/pybind11/CMakeFiles/feature_tests.cxx
Linking CXX executable cmTC_a7626
/usr/local/Cellar/cmake/3.10.2/bin/cmake -E cmake_link_script CMakeFiles/cmTC_a7626.dir/link.txt --verbose=1
/Applications/mesasdk/bin/c++    -Wl,-search_paths_first -Wl,-headerpad_max_install_names -L/usr/local/opt/zlib/lib -L/usr/local/opt/sqlite/lib  CMakeFiles/cmTC_a7626.dir/feature_tests.cxx.o  -o cmTC_a7626 


    Feature record: CXX_FEATURE:0cxx_aggregate_default_initializers
    Feature record: CXX_FEATURE:1cxx_alias_templates
    Feature record: CXX_FEATURE:1cxx_alignas
    Feature record: CXX_FEATURE:1cxx_alignof
    Feature record: CXX_FEATURE:1cxx_attributes
    Feature record: CXX_FEATURE:0cxx_attribute_deprecated
    Feature record: CXX_FEATURE:1cxx_auto_type
    Feature record: CXX_FEATURE:0cxx_binary_literals
    Feature record: CXX_FEATURE:1cxx_constexpr
    Feature record: CXX_FEATURE:0cxx_contextual_conversions
    Feature record: CXX_FEATURE:1cxx_decltype
    Feature record: CXX_FEATURE:0cxx_decltype_auto
    Feature record: CXX_FEATURE:1cxx_decltype_incomplete_return_types
    Feature record: CXX_FEATURE:1cxx_default_function_template_args
    Feature record: CXX_FEATURE:1cxx_defaulted_functions
    Feature record: CXX_FEATURE:1cxx_defaulted_move_initializers
    Feature record: CXX_FEATURE:1cxx_delegating_constructors
    Feature record: CXX_FEATURE:1cxx_deleted_functions
    Feature record: CXX_FEATURE:0cxx_digit_separators
    Feature record: CXX_FEATURE:1cxx_enum_forward_declarations
    Feature record: CXX_FEATURE:1cxx_explicit_conversions
    Feature record: CXX_FEATURE:1cxx_extended_friend_declarations
    Feature record: CXX_FEATURE:1cxx_extern_templates
    Feature record: CXX_FEATURE:1cxx_final
    Feature record: CXX_FEATURE:1cxx_func_identifier
    Feature record: CXX_FEATURE:1cxx_generalized_initializers
    Feature record: CXX_FEATURE:0cxx_generic_lambdas
    Feature record: CXX_FEATURE:1cxx_inheriting_constructors
    Feature record: CXX_FEATURE:1cxx_inline_namespaces
    Feature record: CXX_FEATURE:1cxx_lambdas
    Feature record: CXX_FEATURE:0cxx_lambda_init_captures
    Feature record: CXX_FEATURE:1cxx_local_type_template_args
    Feature record: CXX_FEATURE:1cxx_long_long_type
    Feature record: CXX_FEATURE:1cxx_noexcept
    Feature record: CXX_FEATURE:1cxx_nonstatic_member_init
    Feature record: CXX_FEATURE:1cxx_nullptr
    Feature record: CXX_FEATURE:1cxx_override
    Feature record: CXX_FEATURE:1cxx_range_for
    Feature record: CXX_FEATURE:1cxx_raw_string_literals
    Feature record: CXX_FEATURE:1cxx_reference_qualified_functions
    Feature record: CXX_FEATURE:0cxx_relaxed_constexpr
    Feature record: CXX_FEATURE:0cxx_return_type_deduction
    Feature record: CXX_FEATURE:1cxx_right_angle_brackets
    Feature record: CXX_FEATURE:1cxx_rvalue_references
    Feature record: CXX_FEATURE:1cxx_sizeof_member
    Feature record: CXX_FEATURE:1cxx_static_assert
    Feature record: CXX_FEATURE:1cxx_strong_enums
    Feature record: CXX_FEATURE:1cxx_template_template_parameters
    Feature record: CXX_FEATURE:1cxx_thread_local
    Feature record: CXX_FEATURE:1cxx_trailing_return_types
    Feature record: CXX_FEATURE:1cxx_unicode_literals
    Feature record: CXX_FEATURE:1cxx_uniform_initialization
    Feature record: CXX_FEATURE:1cxx_unrestricted_unions
    Feature record: CXX_FEATURE:1cxx_user_literals
    Feature record: CXX_FEATURE:0cxx_variable_templates
    Feature record: CXX_FEATURE:1cxx_variadic_macros
    Feature record: CXX_FEATURE:1cxx_variadic_templates


Detecting CXX [-std=c++98] compiler features compiled with the following output:
Change Dir: /Users/marco/Documents/Dev/FCombLibrary/pybind11/CMakeFiles/CMakeTmp

Run Build Command:"/usr/bin/make" "cmTC_08ca8/fast"
/Library/Developer/CommandLineTools/usr/bin/make -f CMakeFiles/cmTC_08ca8.dir/build.make CMakeFiles/cmTC_08ca8.dir/build
Building CXX object CMakeFiles/cmTC_08ca8.dir/feature_tests.cxx.o
/Applications/mesasdk/bin/c++    -std=c++98 -o CMakeFiles/cmTC_08ca8.dir/feature_tests.cxx.o -c /Users/marco/Documents/Dev/FCombLibrary/pybind11/CMakeFiles/feature_tests.cxx
Linking CXX executable cmTC_08ca8
/usr/local/Cellar/cmake/3.10.2/bin/cmake -E cmake_link_script CMakeFiles/cmTC_08ca8.dir/link.txt --verbose=1
/Applications/mesasdk/bin/c++    -Wl,-search_paths_first -Wl,-headerpad_max_install_names -L/usr/local/opt/zlib/lib -L/usr/local/opt/sqlite/lib  CMakeFiles/cmTC_08ca8.dir/feature_tests.cxx.o  -o cmTC_08ca8 


    Feature record: CXX_FEATURE:0cxx_aggregate_default_initializers
    Feature record: CXX_FEATURE:0cxx_alias_templates
    Feature record: CXX_FEATURE:0cxx_alignas
    Feature record: CXX_FEATURE:0cxx_alignof
    Feature record: CXX_FEATURE:0cxx_attributes
    Feature record: CXX_FEATURE:0cxx_attribute_deprecated
    Feature record: CXX_FEATURE:0cxx_auto_type
    Feature record: CXX_FEATURE:0cxx_binary_literals
    Feature record: CXX_FEATURE:0cxx_constexpr
    Feature record: CXX_FEATURE:0cxx_contextual_conversions
    Feature record: CXX_FEATURE:0cxx_decltype
    Feature record: CXX_FEATURE:0cxx_decltype_auto
    Feature record: CXX_FEATURE:0cxx_decltype_incomplete_return_types
    Feature record: CXX_FEATURE:0cxx_default_function_template_args
    Feature record: CXX_FEATURE:0cxx_defaulted_functions
    Feature record: CXX_FEATURE:0cxx_defaulted_move_initializers
    Feature record: CXX_FEATURE:0cxx_delegating_constructors
    Feature record: CXX_FEATURE:0cxx_deleted_functions
    Feature record: CXX_FEATURE:0cxx_digit_separators
    Feature record: CXX_FEATURE:0cxx_enum_forward_declarations
    Feature record: CXX_FEATURE:0cxx_explicit_conversions
    Feature record: CXX_FEATURE:0cxx_extended_friend_declarations
    Feature record: CXX_FEATURE:0cxx_extern_templates
    Feature record: CXX_FEATURE:0cxx_final
    Feature record: CXX_FEATURE:0cxx_func_identifier
    Feature record: CXX_FEATURE:0cxx_generalized_initializers
    Feature record: CXX_FEATURE:0cxx_generic_lambdas
    Feature record: CXX_FEATURE:0cxx_inheriting_constructors
    Feature record: CXX_FEATURE:0cxx_inline_namespaces
    Feature record: CXX_FEATURE:0cxx_lambdas
    Feature record: CXX_FEATURE:0cxx_lambda_init_captures
    Feature record: CXX_FEATURE:0cxx_local_type_template_args
    Feature record: CXX_FEATURE:0cxx_long_long_type
    Feature record: CXX_FEATURE:0cxx_noexcept
    Feature record: CXX_FEATURE:0cxx_nonstatic_member_init
    Feature record: CXX_FEATURE:0cxx_nullptr
    Feature record: CXX_FEATURE:0cxx_override
    Feature record: CXX_FEATURE:0cxx_range_for
    Feature record: CXX_FEATURE:0cxx_raw_string_literals
    Feature record: CXX_FEATURE:0cxx_reference_qualified_functions
    Feature record: CXX_FEATURE:0cxx_relaxed_constexpr
    Feature record: CXX_FEATURE:0cxx_return_type_deduction
    Feature record: CXX_FEATURE:0cxx_right_angle_brackets
    Feature record: CXX_FEATURE:0cxx_rvalue_references
    Feature record: CXX_FEATURE:0cxx_sizeof_member
    Feature record: CXX_FEATURE:0cxx_static_assert
    Feature record: CXX_FEATURE:0cxx_strong_enums
    Feature record: CXX_FEATURE:1cxx_template_template_parameters
    Feature record: CXX_FEATURE:0cxx_thread_local
    Feature record: CXX_FEATURE:0cxx_trailing_return_types
    Feature record: CXX_FEATURE:0cxx_unicode_literals
    Feature record: CXX_FEATURE:0cxx_uniform_initialization
    Feature record: CXX_FEATURE:0cxx_unrestricted_unions
    Feature record: CXX_FEATURE:0cxx_user_literals
    Feature record: CXX_FEATURE:0cxx_variable_templates
    Feature record: CXX_FEATURE:0cxx_variadic_macros
    Feature record: CXX_FEATURE:0cxx_variadic_templates
Performing C++ SOURCE FILE Test HAS_CPP14_FLAG succeeded with the following output:
Change Dir: /Users/marco/Documents/Dev/FCombLibrary/pybind11/CMakeFiles/CMakeTmp

Run Build Command:"/usr/bin/make" "cmTC_0f327/fast"
/Library/Developer/CommandLineTools/usr/bin/make -f CMakeFiles/cmTC_0f327.dir/build.make CMakeFiles/cmTC_0f327.dir/build
Building CXX object CMakeFiles/cmTC_0f327.dir/src.cxx.o
/Applications/mesasdk/bin/c++    -DHAS_CPP14_FLAG   -std=c++14 -o CMakeFiles/cmTC_0f327.dir/src.cxx.o -c /Users/marco/Documents/Dev/FCombLibrary/pybind11/CMakeFiles/CMakeTmp/src.cxx
Linking CXX executable cmTC_0f327
/usr/local/Cellar/cmake/3.10.2/bin/cmake -E cmake_link_script CMakeFiles/cmTC_0f327.dir/link.txt --verbose=1
/Applications/mesasdk/bin/c++   -DHAS_CPP14_FLAG -Wl,-search_paths_first -Wl,-headerpad_max_install_names -L/usr/local/opt/zlib/lib -L/usr/local/opt/sqlite/lib  CMakeFiles/cmTC_0f327.dir/src.cxx.o  -o cmTC_0f327 

Source file was:
int main() { return 0; }
