2019-09-08 19:12:42,653 - forever - DEBUG - forever process started.
2019-09-08 19:12:42,656 - forever - DEBUG - The process id of forever is 5502
2019-09-08 19:12:42,658 - forever - WARNING - No argument found. Script exited.
2019-09-08 19:13:55,790 - forever - DEBUG - forever process started.
2019-09-08 19:13:55,791 - forever - DEBUG - The process id of forever is 5536
2019-09-08 19:13:55,792 - forever - WARNING - No argument given. Script exited.
2019-09-08 19:14:06,638 - forever - DEBUG - forever process started.
2019-09-08 19:14:06,638 - forever - DEBUG - The process id of forever is 5556
2019-09-08 19:14:06,639 - forever - INFO - Starting logging_template.py
2019-09-08 19:14:06,646 - forever - WARNING - logging_template.py stopped!
2019-09-08 19:14:06,647 - forever - INFO - Starting logging_template.py
2019-09-08 19:14:06,654 - forever - WARNING - logging_template.py stopped!
2019-09-08 19:14:06,655 - forever - INFO - Starting logging_template.py
2019-09-08 19:14:06,662 - forever - WARNING - logging_template.py stopped!
2019-09-08 19:14:06,662 - forever - INFO - Starting logging_template.py
2019-09-08 19:14:06,670 - forever - WARNING - logging_template.py stopped!
2019-09-08 19:14:06,671 - forever - INFO - Starting logging_template.py
2019-09-08 19:14:06,678 - forever - WARNING - logging_template.py stopped!
2019-09-08 19:14:06,680 - forever - INFO - Starting logging_template.py
2019-09-08 19:14:06,688 - forever - WARNING - logging_template.py stopped!
2019-09-08 19:14:06,691 - forever - INFO - Starting logging_template.py
2019-09-08 19:14:06,698 - forever - WARNING - logging_template.py stopped!
2019-09-08 19:14:06,699 - forever - INFO - Starting logging_template.py
2019-09-08 19:14:06,708 - forever - WARNING - logging_template.py stopped!
2019-09-08 19:14:06,709 - forever - INFO - Starting logging_template.py
2019-09-08 19:14:06,721 - forever - WARNING - logging_template.py stopped!
2019-09-08 19:14:06,722 - forever - INFO - Starting logging_template.py
2019-09-08 19:14:06,757 - forever - WARNING - logging_template.py stopped!
2019-09-08 19:14:06,758 - forever - INFO - Starting logging_template.py
2019-09-08 19:14:06,779 - forever - WARNING - logging_template.py stopped!
2019-09-08 19:14:06,781 - forever - INFO - Starting logging_template.py
2019-09-08 19:14:06,811 - forever - WARNING - logging_template.py stopped!
2019-09-08 19:14:06,815 - forever - INFO - Starting logging_template.py
2019-09-08 19:14:06,832 - forever - WARNING - logging_template.py stopped!
2019-09-08 19:14:06,840 - forever - INFO - Starting logging_template.py
2019-09-08 19:14:06,863 - forever - WARNING - logging_template.py stopped!
2019-09-08 19:14:06,873 - forever - INFO - Starting logging_template.py
2019-09-08 19:14:06,888 - forever - WARNING - logging_template.py stopped!
2019-09-08 19:14:06,891 - forever - INFO - Starting logging_template.py
2019-09-08 19:14:06,901 - forever - WARNING - logging_template.py stopped!
2019-09-08 19:14:06,902 - forever - INFO - Starting logging_template.py
2019-09-08 19:14:06,909 - forever - WARNING - logging_template.py stopped!
2019-09-08 19:14:06,910 - forever - INFO - Starting logging_template.py
2019-09-08 19:14:06,917 - forever - WARNING - logging_template.py stopped!
2019-09-08 19:14:06,917 - forever - INFO - Starting logging_template.py
2019-09-08 19:14:06,924 - forever - WARNING - logging_template.py stopped!
2019-09-08 19:14:06,926 - forever - INFO - Starting logging_template.py
2019-09-08 19:14:06,936 - forever - WARNING - logging_template.py stopped!
2019-09-08 19:14:06,937 - forever - INFO - Starting logging_template.py
2019-09-08 19:14:06,953 - forever - WARNING - logging_template.py stopped!
2019-09-08 19:14:06,956 - forever - INFO - Starting logging_template.py
2019-09-08 19:14:06,968 - forever - WARNING - logging_template.py stopped!
2019-09-08 19:14:06,971 - forever - INFO - Starting logging_template.py
2019-09-08 19:14:06,985 - forever - WARNING - logging_template.py stopped!
2019-09-08 19:14:06,989 - forever - INFO - Starting logging_template.py
2019-09-08 19:14:07,001 - forever - WARNING - logging_template.py stopped!
2019-09-08 19:14:07,004 - forever - INFO - Starting logging_template.py
2019-09-08 19:14:07,015 - forever - WARNING - logging_template.py stopped!
2019-09-08 19:14:07,018 - forever - INFO - Starting logging_template.py
2019-09-08 19:14:07,040 - forever - WARNING - logging_template.py stopped!
2019-09-08 19:14:07,046 - forever - INFO - Starting logging_template.py
2019-09-08 19:14:07,057 - forever - WARNING - logging_template.py stopped!
2019-09-08 19:14:07,068 - forever - INFO - Starting logging_template.py
2019-09-08 19:14:07,084 - forever - WARNING - logging_template.py stopped!
2019-09-08 19:14:07,085 - forever - INFO - Starting logging_template.py
2019-09-08 19:14:07,095 - forever - WARNING - logging_template.py stopped!
2019-09-08 19:14:07,099 - forever - INFO - Starting logging_template.py
2019-09-08 19:14:07,117 - forever - WARNING - logging_template.py stopped!
2019-09-08 19:14:07,119 - forever - INFO - Starting logging_template.py
2019-09-08 19:14:07,129 - forever - WARNING - logging_template.py stopped!
2019-09-08 19:14:07,133 - forever - INFO - Starting logging_template.py
2019-09-08 19:14:07,142 - forever - WARNING - logging_template.py stopped!
2019-09-08 19:14:07,143 - forever - INFO - Starting logging_template.py
2019-09-08 19:14:07,152 - forever - WARNING - logging_template.py stopped!
2019-09-08 19:14:07,154 - forever - INFO - Starting logging_template.py
2019-09-08 19:14:07,160 - forever - WARNING - logging_template.py stopped!
2019-09-08 19:14:07,161 - forever - INFO - Starting logging_template.py
2019-09-08 19:14:07,170 - forever - WARNING - logging_template.py stopped!
2019-09-08 19:14:07,171 - forever - INFO - Starting logging_template.py
2019-09-08 19:14:07,179 - forever - WARNING - logging_template.py stopped!
2019-09-08 19:14:07,181 - forever - INFO - Starting logging_template.py
2019-09-08 19:14:07,195 - forever - WARNING - logging_template.py stopped!
2019-09-08 19:14:07,197 - forever - INFO - Starting logging_template.py
2019-09-08 19:14:07,207 - forever - WARNING - logging_template.py stopped!
2019-09-08 19:14:07,210 - forever - INFO - Starting logging_template.py
2019-09-08 19:14:07,225 - forever - WARNING - logging_template.py stopped!
2019-09-08 19:14:07,228 - forever - INFO - Starting logging_template.py
2019-09-08 19:14:07,245 - forever - WARNING - logging_template.py stopped!
2019-09-08 19:14:07,246 - forever - INFO - Starting logging_template.py
2019-09-08 19:14:07,261 - forever - WARNING - logging_template.py stopped!
2019-09-08 19:14:07,263 - forever - INFO - Starting logging_template.py
2019-09-08 19:14:07,281 - forever - WARNING - logging_template.py stopped!
2019-09-08 19:14:07,293 - forever - INFO - Starting logging_template.py
2019-09-08 19:14:07,307 - forever - WARNING - logging_template.py stopped!
2019-09-08 19:14:07,309 - forever - INFO - Starting logging_template.py
2019-09-08 19:14:07,330 - forever - WARNING - logging_template.py stopped!
2019-09-08 19:14:07,331 - forever - INFO - Starting logging_template.py
2019-09-08 19:14:07,346 - forever - WARNING - logging_template.py stopped!
2019-09-08 19:14:07,351 - forever - INFO - Starting logging_template.py
2019-09-08 19:14:07,364 - forever - WARNING - logging_template.py stopped!
2019-09-08 19:14:07,368 - forever - INFO - Starting logging_template.py
2019-09-08 19:14:07,389 - forever - WARNING - logging_template.py stopped!
2019-09-08 19:14:07,390 - forever - INFO - Starting logging_template.py
2019-09-08 19:14:07,408 - forever - WARNING - logging_template.py stopped!
2019-09-08 19:14:07,416 - forever - INFO - Starting logging_template.py
2019-09-08 19:14:07,435 - forever - WARNING - logging_template.py stopped!
2019-09-08 19:14:07,441 - forever - INFO - Starting logging_template.py
2019-09-08 19:14:07,449 - forever - WARNING - logging_template.py stopped!
2019-09-08 19:14:07,454 - forever - INFO - Starting logging_template.py
2019-09-08 19:14:07,468 - forever - WARNING - logging_template.py stopped!
2019-09-08 19:14:07,470 - forever - INFO - Starting logging_template.py
2019-09-08 19:14:07,483 - forever - WARNING - logging_template.py stopped!
2019-09-08 19:14:07,487 - forever - INFO - Starting logging_template.py
2019-09-08 19:14:07,508 - forever - WARNING - logging_template.py stopped!
2019-09-08 19:14:07,510 - forever - INFO - Starting logging_template.py
2019-09-08 19:14:07,521 - forever - WARNING - logging_template.py stopped!
2019-09-08 19:14:07,524 - forever - INFO - Starting logging_template.py
2019-09-08 19:14:07,532 - forever - WARNING - logging_template.py stopped!
2019-09-08 19:14:07,533 - forever - INFO - Starting logging_template.py
2019-09-08 19:14:07,542 - forever - WARNING - logging_template.py stopped!
2019-09-08 19:14:07,544 - forever - INFO - Starting logging_template.py
2019-09-08 19:14:07,555 - forever - WARNING - logging_template.py stopped!
2019-09-08 19:14:07,557 - forever - INFO - Starting logging_template.py
2019-09-08 19:14:07,570 - forever - WARNING - logging_template.py stopped!
2019-09-08 19:14:07,575 - forever - INFO - Starting logging_template.py
2019-09-08 19:14:07,592 - forever - WARNING - logging_template.py stopped!
2019-09-08 19:14:07,593 - forever - INFO - Starting logging_template.py
2019-09-08 19:14:07,601 - forever - WARNING - logging_template.py stopped!
2019-09-08 19:14:07,608 - forever - INFO - Starting logging_template.py
2019-09-08 19:14:07,625 - forever - WARNING - logging_template.py stopped!
2019-09-08 19:14:07,626 - forever - INFO - Starting logging_template.py
2019-09-08 19:14:07,639 - forever - WARNING - logging_template.py stopped!
2019-09-08 19:14:07,640 - forever - INFO - Starting logging_template.py
2019-09-08 19:14:07,645 - forever - WARNING - logging_template.py stopped!
2019-09-08 19:14:07,647 - forever - INFO - Starting logging_template.py
2019-09-08 19:14:07,657 - forever - WARNING - logging_template.py stopped!
2019-09-08 19:14:07,658 - forever - INFO - Starting logging_template.py
2019-09-08 19:14:07,664 - forever - WARNING - logging_template.py stopped!
2019-09-08 19:14:07,665 - forever - INFO - Starting logging_template.py
2019-09-08 19:14:07,672 - forever - WARNING - logging_template.py stopped!
2019-09-08 19:14:07,673 - forever - INFO - Starting logging_template.py
2019-09-08 19:14:07,681 - forever - WARNING - logging_template.py stopped!
2019-09-08 19:14:07,682 - forever - INFO - Starting logging_template.py
2019-09-08 19:14:07,691 - forever - WARNING - logging_template.py stopped!
2019-09-08 19:14:07,692 - forever - INFO - Starting logging_template.py
2019-09-08 19:14:07,704 - forever - WARNING - logging_template.py stopped!
2019-09-08 19:14:07,706 - forever - INFO - Starting logging_template.py
2019-09-08 19:14:07,720 - forever - WARNING - logging_template.py stopped!
2019-09-08 19:14:07,724 - forever - INFO - Starting logging_template.py
2019-09-08 19:14:07,738 - forever - WARNING - logging_template.py stopped!
2019-09-08 19:14:07,739 - forever - INFO - Starting logging_template.py
2019-09-08 19:14:07,747 - forever - WARNING - logging_template.py stopped!
2019-09-08 19:14:07,748 - forever - INFO - Starting logging_template.py
2019-09-08 19:14:07,767 - forever - WARNING - logging_template.py stopped!
2019-09-08 19:14:07,770 - forever - INFO - Starting logging_template.py
2019-09-08 19:14:07,792 - forever - WARNING - logging_template.py stopped!
2019-09-08 19:14:07,794 - forever - INFO - Starting logging_template.py
2019-09-08 19:14:07,807 - forever - WARNING - logging_template.py stopped!
2019-09-08 19:14:07,810 - forever - INFO - Starting logging_template.py
2019-09-08 19:14:07,826 - forever - WARNING - logging_template.py stopped!
2019-09-08 19:14:07,827 - forever - INFO - Starting logging_template.py
2019-09-08 19:14:07,842 - forever - WARNING - logging_template.py stopped!
2019-09-08 19:14:07,843 - forever - INFO - Starting logging_template.py
2019-09-08 19:14:07,853 - forever - WARNING - logging_template.py stopped!
2019-09-08 19:14:07,856 - forever - INFO - Starting logging_template.py
2019-09-08 19:14:07,864 - forever - WARNING - logging_template.py stopped!
2019-09-08 19:14:07,868 - forever - INFO - Starting logging_template.py
2019-09-08 19:14:07,879 - forever - WARNING - logging_template.py stopped!
2019-09-08 19:14:07,880 - forever - INFO - Starting logging_template.py
2019-09-08 19:14:07,892 - forever - WARNING - logging_template.py stopped!
2019-09-08 19:14:07,895 - forever - INFO - Starting logging_template.py
2019-09-08 19:14:07,908 - forever - WARNING - logging_template.py stopped!
2019-09-08 19:14:07,909 - forever - INFO - Starting logging_template.py
2019-09-08 19:14:07,916 - forever - WARNING - logging_template.py stopped!
2019-09-08 19:14:07,916 - forever - INFO - Starting logging_template.py
2019-09-08 19:14:07,923 - forever - WARNING - logging_template.py stopped!
2019-09-08 19:14:07,924 - forever - INFO - Starting logging_template.py
2019-09-08 19:14:07,932 - forever - WARNING - logging_template.py stopped!
2019-09-08 19:14:07,934 - forever - INFO - Starting logging_template.py
2019-09-08 19:14:07,942 - forever - WARNING - logging_template.py stopped!
2019-09-08 19:14:07,945 - forever - INFO - Starting logging_template.py
2019-09-08 19:14:07,955 - forever - WARNING - logging_template.py stopped!
2019-09-08 19:14:07,957 - forever - INFO - Starting logging_template.py
2019-09-08 19:14:07,971 - forever - WARNING - logging_template.py stopped!
2019-09-08 19:14:07,974 - forever - INFO - Starting logging_template.py
2019-09-08 19:14:07,987 - forever - WARNING - logging_template.py stopped!
2019-09-08 19:14:07,990 - forever - INFO - Starting logging_template.py
2019-09-08 19:14:08,008 - forever - WARNING - logging_template.py stopped!
2019-09-08 19:14:08,011 - forever - INFO - Starting logging_template.py
2019-09-08 19:14:08,024 - forever - WARNING - logging_template.py stopped!
2019-09-08 19:14:08,027 - forever - INFO - Starting logging_template.py
2019-09-08 19:14:08,040 - forever - WARNING - logging_template.py stopped!
2019-09-08 19:14:08,042 - forever - INFO - Starting logging_template.py
2019-09-08 19:14:08,058 - forever - WARNING - logging_template.py stopped!
2019-09-08 19:14:08,060 - forever - INFO - Starting logging_template.py
2019-09-08 19:14:08,082 - forever - WARNING - logging_template.py stopped!
2019-09-08 19:14:08,088 - forever - INFO - Starting logging_template.py
2019-09-08 19:14:08,102 - forever - WARNING - logging_template.py stopped!
2019-09-08 19:14:08,104 - forever - INFO - Starting logging_template.py
2019-09-08 19:14:08,117 - forever - WARNING - logging_template.py stopped!
2019-09-08 19:14:08,121 - forever - INFO - Starting logging_template.py
2019-09-08 19:14:08,131 - forever - WARNING - logging_template.py stopped!
2019-09-08 19:14:08,137 - forever - INFO - Starting logging_template.py
2019-09-08 19:14:08,147 - forever - WARNING - logging_template.py stopped!
2019-09-08 19:14:08,148 - forever - INFO - Starting logging_template.py
2019-09-08 19:14:08,158 - forever - WARNING - logging_template.py stopped!
2019-09-08 19:14:08,159 - forever - INFO - Starting logging_template.py
2019-09-08 19:14:08,167 - forever - WARNING - logging_template.py stopped!
2019-09-08 19:14:08,169 - forever - INFO - Starting logging_template.py
2019-09-08 19:14:08,184 - forever - WARNING - logging_template.py stopped!
2019-09-08 19:14:08,186 - forever - INFO - Starting logging_template.py
2019-09-08 19:14:08,198 - forever - WARNING - logging_template.py stopped!
2019-09-08 19:14:08,199 - forever - INFO - Starting logging_template.py
2019-09-08 19:14:08,206 - forever - WARNING - logging_template.py stopped!
2019-09-08 19:14:08,207 - forever - INFO - Starting logging_template.py
2019-09-08 19:14:08,213 - forever - WARNING - logging_template.py stopped!
2019-09-08 19:14:08,221 - forever - INFO - Starting logging_template.py
2019-09-08 19:14:08,230 - forever - WARNING - logging_template.py stopped!
2019-09-08 19:14:08,231 - forever - INFO - Starting logging_template.py
2019-09-08 19:14:08,240 - forever - WARNING - logging_template.py stopped!
2019-09-08 19:14:08,244 - forever - INFO - Starting logging_template.py
2019-09-08 19:14:08,254 - forever - WARNING - logging_template.py stopped!
2019-09-08 19:14:08,255 - forever - INFO - Starting logging_template.py
2019-09-08 19:14:08,267 - forever - WARNING - logging_template.py stopped!
2019-09-08 19:14:08,269 - forever - INFO - Starting logging_template.py
2019-09-08 19:14:08,286 - forever - WARNING - logging_template.py stopped!
2019-09-08 19:14:08,289 - forever - INFO - Starting logging_template.py
2019-09-08 19:14:08,303 - forever - WARNING - logging_template.py stopped!
2019-09-08 19:14:08,304 - forever - INFO - Starting logging_template.py
2019-09-08 19:14:08,314 - forever - WARNING - logging_template.py stopped!
2019-09-08 19:14:08,319 - forever - INFO - Starting logging_template.py
2019-09-08 19:14:08,329 - forever - WARNING - logging_template.py stopped!
2019-09-08 19:14:08,330 - forever - INFO - Starting logging_template.py
2019-09-08 19:14:08,344 - forever - WARNING - logging_template.py stopped!
2019-09-08 19:14:08,347 - forever - INFO - Starting logging_template.py
2019-09-08 19:14:08,355 - forever - WARNING - logging_template.py stopped!
2019-09-08 19:14:08,356 - forever - INFO - Starting logging_template.py
2019-09-08 19:14:08,373 - forever - WARNING - logging_template.py stopped!
2019-09-08 19:14:08,376 - forever - INFO - Starting logging_template.py
2019-09-08 19:14:08,401 - forever - WARNING - logging_template.py stopped!
2019-09-08 19:14:08,403 - forever - INFO - Starting logging_template.py
2019-09-08 19:14:08,420 - forever - WARNING - logging_template.py stopped!
2019-09-08 19:14:08,420 - forever - INFO - Starting logging_template.py
2019-09-08 19:14:08,435 - forever - WARNING - logging_template.py stopped!
2019-09-08 19:14:08,437 - forever - INFO - Starting logging_template.py
2019-09-08 19:14:08,447 - forever - WARNING - logging_template.py stopped!
2019-09-08 19:14:08,448 - forever - INFO - Starting logging_template.py
2019-09-08 19:14:08,468 - forever - WARNING - logging_template.py stopped!
2019-09-08 19:14:08,471 - forever - INFO - Starting logging_template.py
2019-09-08 19:14:08,485 - forever - WARNING - logging_template.py stopped!
2019-09-08 19:14:08,487 - forever - INFO - Starting logging_template.py
2019-09-08 19:14:08,511 - forever - WARNING - logging_template.py stopped!
2019-09-08 19:14:08,514 - forever - INFO - Starting logging_template.py
2019-09-08 19:14:08,526 - forever - WARNING - logging_template.py stopped!
2019-09-08 19:14:08,527 - forever - INFO - Starting logging_template.py
2019-09-08 19:14:08,545 - forever - WARNING - logging_template.py stopped!
2019-09-08 19:14:08,547 - forever - INFO - Starting logging_template.py
2019-09-08 19:14:08,557 - forever - WARNING - logging_template.py stopped!
2019-09-08 19:14:08,560 - forever - INFO - Starting logging_template.py
2019-09-08 19:14:08,575 - forever - WARNING - logging_template.py stopped!
2019-09-08 19:14:08,579 - forever - INFO - Starting logging_template.py
2019-09-08 19:14:08,592 - forever - WARNING - logging_template.py stopped!
2019-09-08 19:14:08,593 - forever - INFO - Starting logging_template.py
2019-09-08 19:14:08,610 - forever - WARNING - logging_template.py stopped!
2019-09-08 19:14:08,617 - forever - INFO - Starting logging_template.py
2019-09-08 19:14:08,633 - forever - WARNING - logging_template.py stopped!
2019-09-08 19:14:08,635 - forever - INFO - Starting logging_template.py
2019-09-08 19:14:08,646 - forever - WARNING - logging_template.py stopped!
2019-09-08 19:14:08,648 - forever - INFO - Starting logging_template.py
2019-09-08 19:14:08,659 - forever - WARNING - logging_template.py stopped!
2019-09-08 19:14:08,661 - forever - INFO - Starting logging_template.py
2019-09-08 19:14:08,673 - forever - WARNING - logging_template.py stopped!
2019-09-08 19:14:08,676 - forever - INFO - Starting logging_template.py
2019-09-08 19:14:08,692 - forever - WARNING - logging_template.py stopped!
2019-09-08 19:14:08,696 - forever - INFO - Starting logging_template.py
2019-09-08 19:14:08,710 - forever - WARNING - logging_template.py stopped!
2019-09-08 19:14:08,712 - forever - INFO - Starting logging_template.py
2019-09-08 19:14:08,723 - forever - WARNING - logging_template.py stopped!
2019-09-08 19:14:08,725 - forever - INFO - Starting logging_template.py
2019-09-08 19:14:08,748 - forever - WARNING - logging_template.py stopped!
2019-09-08 19:14:08,751 - forever - INFO - Starting logging_template.py
2019-09-08 19:14:08,773 - forever - WARNING - logging_template.py stopped!
2019-09-08 19:14:08,774 - forever - INFO - Starting logging_template.py
2019-09-08 19:14:08,798 - forever - WARNING - logging_template.py stopped!
2019-09-08 19:14:08,803 - forever - INFO - Starting logging_template.py
2019-09-08 19:14:08,811 - forever - WARNING - logging_template.py stopped!
2019-09-08 19:14:08,812 - forever - INFO - Starting logging_template.py
2019-09-08 19:14:08,822 - forever - WARNING - logging_template.py stopped!
2019-09-08 19:14:08,823 - forever - INFO - Starting logging_template.py
2019-09-08 19:14:08,831 - forever - WARNING - logging_template.py stopped!
2019-09-08 19:14:08,833 - forever - INFO - Starting logging_template.py
2019-09-08 19:14:37,112 - forever - DEBUG - forever process started.
2019-09-08 19:14:37,112 - forever - DEBUG - The process id of forever is 5741
2019-09-08 19:14:37,113 - forever - INFO - Starting ./logging_template.py
2019-09-08 19:14:37,308 - forever - WARNING - ./logging_template.py stopped!
2019-09-08 19:14:37,309 - forever - INFO - Starting ./logging_template.py
2019-09-08 19:14:37,524 - forever - WARNING - ./logging_template.py stopped!
2019-09-08 19:14:37,526 - forever - INFO - Starting ./logging_template.py
2019-09-08 19:14:37,709 - forever - WARNING - ./logging_template.py stopped!
2019-09-08 19:14:37,710 - forever - INFO - Starting ./logging_template.py
2019-09-08 19:14:37,987 - forever - WARNING - ./logging_template.py stopped!
2019-09-08 19:14:37,989 - forever - INFO - Starting ./logging_template.py
2019-09-08 19:14:38,209 - forever - WARNING - ./logging_template.py stopped!
2019-09-08 19:14:38,210 - forever - INFO - Starting ./logging_template.py
2019-09-08 19:14:38,384 - forever - WARNING - ./logging_template.py stopped!
2019-09-08 19:14:38,385 - forever - INFO - Starting ./logging_template.py
2019-09-08 19:14:38,625 - forever - WARNING - ./logging_template.py stopped!
2019-09-08 19:14:38,626 - forever - INFO - Starting ./logging_template.py
2019-09-08 19:14:38,872 - forever - WARNING - ./logging_template.py stopped!
2019-09-08 19:14:38,874 - forever - INFO - Starting ./logging_template.py
2019-09-08 19:14:39,083 - forever - WARNING - ./logging_template.py stopped!
2019-09-08 19:14:39,090 - forever - INFO - Starting ./logging_template.py
2019-09-08 19:14:39,277 - forever - WARNING - ./logging_template.py stopped!
2019-09-08 19:14:39,278 - forever - INFO - Starting ./logging_template.py
2019-09-08 19:14:39,508 - forever - WARNING - ./logging_template.py stopped!
2019-09-08 19:14:39,509 - forever - INFO - Starting ./logging_template.py
2019-09-08 19:14:39,742 - forever - WARNING - ./logging_template.py stopped!
2019-09-08 19:14:39,744 - forever - INFO - Starting ./logging_template.py
2019-09-08 19:14:39,941 - forever - WARNING - ./logging_template.py stopped!
2019-09-08 19:14:39,946 - forever - INFO - Starting ./logging_template.py
