\BOOKMARK [0][-]{chapter.1}{\376\377\000W\000e\000l\000c\000o\000m\000e}{}% 1
\BOOKMARK [1][-]{section.1.1}{\376\377\000Q\000u\000i\000c\000k\000\040\000S\000t\000a\000r\000t}{chapter.1}% 2
\BOOKMARK [1][-]{section.1.2}{\376\377\000L\000i\000c\000e\000n\000s\000e\000\040\000a\000n\000d\000\040\000A\000t\000t\000r\000i\000b\000u\000t\000i\000o\000n}{chapter.1}% 3
\BOOKMARK [0][-]{chapter.2}{\376\377\000G\000e\000t\000t\000i\000n\000g\000\040\000S\000t\000a\000r\000t\000e\000d}{}% 4
\BOOKMARK [1][-]{section.2.1}{\376\377\000D\000o\000w\000n\000l\000o\000a\000d\000\040\000\046\000\040\000I\000n\000s\000t\000a\000l\000l\000a\000t\000i\000o\000n}{chapter.2}% 5
\BOOKMARK [1][-]{section.2.2}{\376\377\000R\000u\000n\000n\000i\000n\000g\000\040\000D\000e\000m\000o\000n\000s\000t\000r\000a\000t\000i\000o\000n\000s}{chapter.2}% 6
\BOOKMARK [1][-]{section.2.3}{\376\377\000U\000s\000i\000n\000g\000\040\000t\000h\000e\000\040\000P\000y\000t\000h\000o\000n\000\040\000P\000a\000c\000k\000a\000g\000e}{chapter.2}% 7
\BOOKMARK [0][-]{chapter.3}{\376\377\000E\000x\000a\000m\000p\000l\000e\000s}{}% 8
\BOOKMARK [1][-]{section.3.1}{\376\377\000I\000n\000p\000u\000t\000\040\000F\000i\000l\000e\000\040\000I\000n\000t\000r\000o\000d\000u\000c\000t\000i\000o\000n}{chapter.3}% 9
\BOOKMARK [1][-]{section.3.2}{\376\377\000E\000x\000a\000m\000p\000l\000e\000s\000\040\000U\000s\000i\000n\000g\000\040\000t\000h\000e\000\040\000C\000L\000I}{chapter.3}% 10
\BOOKMARK [1][-]{section.3.3}{\376\377\000E\000x\000a\000m\000p\000l\000e\000s\000\040\000U\000s\000i\000n\000g\000\040\000t\000h\000e\000\040\000P\000y\000t\000h\000o\000n\000\040\000P\000a\000c\000k\000a\000g\000e}{chapter.3}% 11
\BOOKMARK [0][-]{chapter.4}{\376\377\000C\000o\000m\000m\000a\000n\000d\000\040\000L\000i\000n\000e\000\040\000G\000u\000i\000d\000e}{}% 12
\BOOKMARK [1][-]{section.4.1}{\376\377\000B\000a\000s\000i\000c\000s}{chapter.4}% 13
\BOOKMARK [1][-]{section.4.2}{\376\377\000M\000a\000t\000e\000r\000i\000a\000l\000\040\000P\000h\000a\000s\000e\000s}{chapter.4}% 14
\BOOKMARK [1][-]{section.4.3}{\376\377\000D\000o\000m\000a\000i\000n}{chapter.4}% 15
\BOOKMARK [1][-]{section.4.4}{\376\377\000S\000e\000t\000t\000i\000n\000g\000s}{chapter.4}% 16
\BOOKMARK [0][-]{chapter.5}{\376\377\000P\000y\000t\000h\000o\000n\000\040\000P\000a\000c\000k\000a\000g\000e\000\040\000G\000u\000i\000d\000e}{}% 17
\BOOKMARK [1][-]{section.5.1}{\376\377\0000\000.\000\040\000L\000i\000s\000t\000\040\000o\000f\000\040\000S\000e\000e\000d\000\040\000G\000e\000o\000m\000e\000t\000r\000i\000e\000s}{chapter.5}% 18
\BOOKMARK [1][-]{section.5.2}{\376\377\0001\000.\000\040\000P\000a\000c\000k\000\040\000G\000e\000o\000m\000e\000t\000r\000i\000e\000s\000\040\000i\000n\000t\000o\000\040\000D\000o\000m\000a\000i\000n}{chapter.5}% 19
\BOOKMARK [1][-]{section.5.3}{\376\377\0002\000.\000\040\000T\000e\000s\000s\000e\000l\000l\000a\000t\000e\000\040\000t\000h\000e\000\040\000D\000o\000m\000a\000i\000n}{chapter.5}% 20
\BOOKMARK [1][-]{section.5.4}{\376\377\0003\000.\000\040\000U\000n\000s\000t\000r\000u\000c\000t\000u\000r\000e\000d\000\040\000M\000e\000s\000h\000i\000n\000g}{chapter.5}% 21
\BOOKMARK [1][-]{section.5.5}{\376\377\000F\000i\000l\000e\000\040\000I\000/\000O}{chapter.5}% 22
\BOOKMARK [1][-]{section.5.6}{\376\377\000P\000l\000o\000t\000t\000i\000n\000g}{chapter.5}% 23
\BOOKMARK [1][-]{section.5.7}{\376\377\000P\000h\000a\000s\000e\000\040\000D\000i\000c\000t\000i\000o\000n\000a\000r\000i\000e\000s}{chapter.5}% 24
\BOOKMARK [0][-]{chapter.6}{\376\377\000T\000r\000o\000u\000b\000l\000e\000s\000h\000o\000o\000t\000i\000n\000g}{}% 25
\BOOKMARK [1][-]{section.6.1}{\376\377\000I\000n\000s\000t\000a\000l\000l\000a\000t\000i\000o\000n}{chapter.6}% 26
\BOOKMARK [1][-]{section.6.2}{\376\377\000C\000o\000m\000m\000a\000n\000d\000\040\000L\000i\000n\000e\000\040\000I\000n\000t\000e\000r\000f\000a\000c\000e}{chapter.6}% 27
\BOOKMARK [0][-]{chapter.7}{\376\377\000m\000i\000c\000r\000o\000s\000t\000r\000u\000c\000t\000p\000y\000\040\000p\000a\000c\000k\000a\000g\000e}{}% 28
\BOOKMARK [1][-]{section.7.1}{\376\377\000S\000u\000b\000p\000a\000c\000k\000a\000g\000e\000s}{chapter.7}% 29
\BOOKMARK [1][-]{section.7.2}{\376\377\000S\000u\000b\000m\000o\000d\000u\000l\000e\000s}{chapter.7}% 30
\BOOKMARK [0][-]{section*.400}{\376\377\000P\000y\000t\000h\000o\000n\000\040\000M\000o\000d\000u\000l\000e\000\040\000I\000n\000d\000e\000x}{}% 31
\BOOKMARK [0][-]{section*.401}{\376\377\000I\000n\000d\000e\000x}{}% 32
