2019-09-08 19:00:54,679 - logging_template - DEBUG - logging_template process started.
2019-09-08 19:00:54,682 - logging_template - DEBUG - The process id of logging_template is 4966
2019-09-08 19:00:54,684 - logging_template - INFO - Welcome to the logging template!
2019-09-08 19:00:54,688 - logging_template - INFO - This snippet will generate logs and logfiles.
2019-09-08 19:00:54,692 - logging_template - INFO - It will also generate a pidfile to track the pid.
2019-09-08 19:00:54,694 - logging_template - INFO - Log path: /home/boogie7601/Scripts/logs/logging_template.log
2019-09-08 19:00:54,696 - logging_template - WARNING - logging_template will now exit.
2019-09-08 19:01:20,999 - logging_template - DEBUG - logging_template process started.
2019-09-08 19:01:21,001 - logging_template - DEBUG - The process id of logging_template is 5008
2019-09-08 19:01:21,012 - logging_template - INFO - Welcome to the logging template!
2019-09-08 19:01:21,024 - logging_template - INFO - This snippet will generate logs and logfiles.
2019-09-08 19:01:21,026 - logging_template - INFO - It will also generate a pidfile to track the pid.
2019-09-08 19:01:21,028 - logging_template - INFO - Log path: /home/boogie7601/Scripts/logs/logging_template.log
2019-09-08 19:01:58,696 - logging_template - WARNING - logging_template will now exit.
2019-09-08 19:03:59,550 - logging_template - DEBUG - logging_template process started.
2019-09-08 19:03:59,552 - logging_template - DEBUG - The process id of logging_template is 5081
2019-09-08 19:03:59,553 - logging_template - DEBUG - Last updated: 2019-09-08 18:54:06.085
2019-09-08 19:04:11,889 - logging_template - INFO - Welcome to the logging template!
2019-09-08 19:04:11,896 - logging_template - INFO - This snippet will generate logs and logfiles.
2019-09-08 19:04:11,898 - logging_template - INFO - It will also generate a pidfile to track the pid.
2019-09-08 19:04:11,900 - logging_template - INFO - Log path: /home/boogie7601/Scripts/logs/logging_template.log
2019-09-08 19:04:11,902 - logging_template - WARNING - logging_template will now exit.
2019-09-08 19:14:37,274 - logging_template - DEBUG - logging_template process started.
2019-09-08 19:14:37,275 - logging_template - DEBUG - The process id of logging_template is 5743
2019-09-08 19:14:37,275 - logging_template - DEBUG - Last updated: 2019-09-08 18:54:06.085
2019-09-08 19:14:37,277 - logging_template - INFO - Welcome to the logging template!
2019-09-08 19:14:37,277 - logging_template - INFO - This snippet will generate logs and logfiles.
2019-09-08 19:14:37,279 - logging_template - INFO - It will also generate a pidfile to track the pid.
2019-09-08 19:14:37,280 - logging_template - INFO - Log path: /home/boogie7601/Scripts/logs/logging_template.log
2019-09-08 19:14:37,281 - logging_template - WARNING - logging_template will now exit.
2019-09-08 19:14:37,497 - logging_template - DEBUG - logging_template process started.
2019-09-08 19:14:37,497 - logging_template - DEBUG - The process id of logging_template is 5745
2019-09-08 19:14:37,498 - logging_template - DEBUG - Last updated: 2019-09-08 18:54:06.085
2019-09-08 19:14:37,498 - logging_template - INFO - Welcome to the logging template!
2019-09-08 19:14:37,499 - logging_template - INFO - This snippet will generate logs and logfiles.
2019-09-08 19:14:37,499 - logging_template - INFO - It will also generate a pidfile to track the pid.
2019-09-08 19:14:37,499 - logging_template - INFO - Log path: /home/boogie7601/Scripts/logs/logging_template.log
2019-09-08 19:14:37,499 - logging_template - WARNING - logging_template will now exit.
2019-09-08 19:14:37,673 - logging_template - DEBUG - logging_template process started.
2019-09-08 19:14:37,673 - logging_template - DEBUG - The process id of logging_template is 5747
2019-09-08 19:14:37,674 - logging_template - DEBUG - Last updated: 2019-09-08 18:54:06.085
2019-09-08 19:14:37,674 - logging_template - INFO - Welcome to the logging template!
2019-09-08 19:14:37,675 - logging_template - INFO - This snippet will generate logs and logfiles.
2019-09-08 19:14:37,675 - logging_template - INFO - It will also generate a pidfile to track the pid.
2019-09-08 19:14:37,675 - logging_template - INFO - Log path: /home/boogie7601/Scripts/logs/logging_template.log
2019-09-08 19:14:37,676 - logging_template - WARNING - logging_template will now exit.
2019-09-08 19:14:37,958 - logging_template - DEBUG - logging_template process started.
2019-09-08 19:14:37,958 - logging_template - DEBUG - The process id of logging_template is 5749
2019-09-08 19:14:37,958 - logging_template - DEBUG - Last updated: 2019-09-08 18:54:06.085
2019-09-08 19:14:37,959 - logging_template - INFO - Welcome to the logging template!
2019-09-08 19:14:37,959 - logging_template - INFO - This snippet will generate logs and logfiles.
2019-09-08 19:14:37,960 - logging_template - INFO - It will also generate a pidfile to track the pid.
2019-09-08 19:14:37,960 - logging_template - INFO - Log path: /home/boogie7601/Scripts/logs/logging_template.log
2019-09-08 19:14:37,961 - logging_template - WARNING - logging_template will now exit.
2019-09-08 19:14:38,182 - logging_template - DEBUG - logging_template process started.
2019-09-08 19:14:38,183 - logging_template - DEBUG - The process id of logging_template is 5751
2019-09-08 19:14:38,183 - logging_template - DEBUG - Last updated: 2019-09-08 18:54:06.085
2019-09-08 19:14:38,183 - logging_template - INFO - Welcome to the logging template!
2019-09-08 19:14:38,184 - logging_template - INFO - This snippet will generate logs and logfiles.
2019-09-08 19:14:38,184 - logging_template - INFO - It will also generate a pidfile to track the pid.
2019-09-08 19:14:38,184 - logging_template - INFO - Log path: /home/boogie7601/Scripts/logs/logging_template.log
2019-09-08 19:14:38,184 - logging_template - WARNING - logging_template will now exit.
2019-09-08 19:14:38,353 - logging_template - DEBUG - logging_template process started.
2019-09-08 19:14:38,353 - logging_template - DEBUG - The process id of logging_template is 5753
2019-09-08 19:14:38,354 - logging_template - DEBUG - Last updated: 2019-09-08 18:54:06.085
2019-09-08 19:14:38,354 - logging_template - INFO - Welcome to the logging template!
2019-09-08 19:14:38,355 - logging_template - INFO - This snippet will generate logs and logfiles.
2019-09-08 19:14:38,355 - logging_template - INFO - It will also generate a pidfile to track the pid.
2019-09-08 19:14:38,355 - logging_template - INFO - Log path: /home/boogie7601/Scripts/logs/logging_template.log
2019-09-08 19:14:38,356 - logging_template - WARNING - logging_template will now exit.
2019-09-08 19:14:38,584 - logging_template - DEBUG - logging_template process started.
2019-09-08 19:14:38,585 - logging_template - DEBUG - The process id of logging_template is 5755
2019-09-08 19:14:38,586 - logging_template - DEBUG - Last updated: 2019-09-08 18:54:06.085
2019-09-08 19:14:38,587 - logging_template - INFO - Welcome to the logging template!
2019-09-08 19:14:38,588 - logging_template - INFO - This snippet will generate logs and logfiles.
2019-09-08 19:14:38,588 - logging_template - INFO - It will also generate a pidfile to track the pid.
2019-09-08 19:14:38,589 - logging_template - INFO - Log path: /home/boogie7601/Scripts/logs/logging_template.log
2019-09-08 19:14:38,590 - logging_template - WARNING - logging_template will now exit.
2019-09-08 19:14:38,797 - logging_template - DEBUG - logging_template process started.
2019-09-08 19:14:38,798 - logging_template - DEBUG - The process id of logging_template is 5757
2019-09-08 19:14:38,798 - logging_template - DEBUG - Last updated: 2019-09-08 18:54:06.085
2019-09-08 19:14:38,799 - logging_template - INFO - Welcome to the logging template!
2019-09-08 19:14:38,800 - logging_template - INFO - This snippet will generate logs and logfiles.
2019-09-08 19:14:38,800 - logging_template - INFO - It will also generate a pidfile to track the pid.
2019-09-08 19:14:38,801 - logging_template - INFO - Log path: /home/boogie7601/Scripts/logs/logging_template.log
2019-09-08 19:14:38,801 - logging_template - WARNING - logging_template will now exit.
2019-09-08 19:14:39,027 - logging_template - DEBUG - logging_template process started.
2019-09-08 19:14:39,027 - logging_template - DEBUG - The process id of logging_template is 5759
2019-09-08 19:14:39,028 - logging_template - DEBUG - Last updated: 2019-09-08 18:54:06.085
2019-09-08 19:14:39,029 - logging_template - INFO - Welcome to the logging template!
2019-09-08 19:14:39,032 - logging_template - INFO - This snippet will generate logs and logfiles.
2019-09-08 19:14:39,032 - logging_template - INFO - It will also generate a pidfile to track the pid.
2019-09-08 19:14:39,033 - logging_template - INFO - Log path: /home/boogie7601/Scripts/logs/logging_template.log
2019-09-08 19:14:39,034 - logging_template - WARNING - logging_template will now exit.
2019-09-08 19:14:39,232 - logging_template - DEBUG - logging_template process started.
2019-09-08 19:14:39,233 - logging_template - DEBUG - The process id of logging_template is 5761
2019-09-08 19:14:39,233 - logging_template - DEBUG - Last updated: 2019-09-08 18:54:06.085
2019-09-08 19:14:39,234 - logging_template - INFO - Welcome to the logging template!
2019-09-08 19:14:39,235 - logging_template - INFO - This snippet will generate logs and logfiles.
2019-09-08 19:14:39,235 - logging_template - INFO - It will also generate a pidfile to track the pid.
2019-09-08 19:14:39,235 - logging_template - INFO - Log path: /home/boogie7601/Scripts/logs/logging_template.log
2019-09-08 19:14:39,236 - logging_template - WARNING - logging_template will now exit.
2019-09-08 19:14:39,472 - logging_template - DEBUG - logging_template process started.
2019-09-08 19:14:39,473 - logging_template - DEBUG - The process id of logging_template is 5763
2019-09-08 19:14:39,473 - logging_template - DEBUG - Last updated: 2019-09-08 18:54:06.085
2019-09-08 19:14:39,474 - logging_template - INFO - Welcome to the logging template!
2019-09-08 19:14:39,474 - logging_template - INFO - This snippet will generate logs and logfiles.
2019-09-08 19:14:39,474 - logging_template - INFO - It will also generate a pidfile to track the pid.
2019-09-08 19:14:39,475 - logging_template - INFO - Log path: /home/boogie7601/Scripts/logs/logging_template.log
2019-09-08 19:14:39,475 - logging_template - WARNING - logging_template will now exit.
2019-09-08 19:14:39,714 - logging_template - DEBUG - logging_template process started.
2019-09-08 19:14:39,714 - logging_template - DEBUG - The process id of logging_template is 5765
2019-09-08 19:14:39,714 - logging_template - DEBUG - Last updated: 2019-09-08 18:54:06.085
2019-09-08 19:14:39,715 - logging_template - INFO - Welcome to the logging template!
2019-09-08 19:14:39,716 - logging_template - INFO - This snippet will generate logs and logfiles.
2019-09-08 19:14:39,716 - logging_template - INFO - It will also generate a pidfile to track the pid.
2019-09-08 19:14:39,716 - logging_template - INFO - Log path: /home/boogie7601/Scripts/logs/logging_template.log
2019-09-08 19:14:39,717 - logging_template - WARNING - logging_template will now exit.
2019-09-08 19:14:39,895 - logging_template - DEBUG - logging_template process started.
2019-09-08 19:14:39,896 - logging_template - DEBUG - The process id of logging_template is 5767
2019-09-08 19:14:39,896 - logging_template - DEBUG - Last updated: 2019-09-08 18:54:06.085
2019-09-08 19:14:39,897 - logging_template - INFO - Welcome to the logging template!
2019-09-08 19:14:39,898 - logging_template - INFO - This snippet will generate logs and logfiles.
2019-09-08 19:14:39,899 - logging_template - INFO - It will also generate a pidfile to track the pid.
2019-09-08 19:14:39,900 - logging_template - INFO - Log path: /home/boogie7601/Scripts/logs/logging_template.log
2019-09-08 19:14:39,900 - logging_template - WARNING - logging_template will now exit.
