2019-09-04 01:25:26,501 - luma_sensors - DEBUG - luma_sensors process started.
2019-09-04 01:25:26,502 - luma_sensors - DEBUG - The process id of luma_sensors is 19125
2019-09-04 01:25:27,360 - luma_sensors - INFO - Panel brightness now 100%
2019-09-04 01:25:31,424 - luma_sensors - INFO - Time:01:25:27
2019-09-04 01:25:35,212 - luma_sensors - INFO - Date:04 Sep 19
2019-09-04 01:26:07,892 - luma_sensors - DEBUG - luma_sensors process started.
2019-09-04 01:26:07,893 - luma_sensors - DEBUG - The process id of luma_sensors is 20281
2019-09-04 01:26:08,743 - luma_sensors - INFO - Panel brightness now 100%
2019-09-04 01:26:12,800 - luma_sensors - DEBUG - Time:01:26:08
2019-09-04 01:26:16,605 - luma_sensors - DEBUG - Date:04 Sep 19
2019-09-04 01:26:21,605 - luma_sensors - DEBUG - Plex:1.4Ghz, 44.01C
2019-09-04 01:26:26,128 - luma_sensors - DEBUG - Pi:400Mhz, 66.00C
2019-09-04 01:26:30,657 - luma_sensors - DEBUG - 74.73F, 981.05hPa
2019-09-04 01:26:34,692 - luma_sensors - DEBUG - 61.28% humidity
2019-09-04 01:26:45,728 - luma_sensors - INFO - Cycle 1 complete.
2019-09-04 01:26:45,729 - luma_sensors - INFO - Panel brightness now 90%
2019-09-04 01:26:49,741 - luma_sensors - DEBUG - Time:01:26:45
2019-09-04 01:26:53,549 - luma_sensors - DEBUG - Date:04 Sep 19
2019-09-04 01:26:58,561 - luma_sensors - DEBUG - Plex:1.4Ghz, 44.01C
2019-09-04 01:27:03,094 - luma_sensors - DEBUG - Pi:400Mhz, 66.00C
2019-09-04 01:27:07,631 - luma_sensors - DEBUG - 74.75F, 981.04hPa
2019-09-04 01:27:11,681 - luma_sensors - DEBUG - 61.23% humidity
2019-09-04 01:27:22,761 - luma_sensors - INFO - Cycle 2 complete.
2019-09-04 01:27:22,762 - luma_sensors - INFO - Panel brightness now 80%
2019-09-04 01:27:26,789 - luma_sensors - DEBUG - Time:01:27:22
2019-09-04 01:27:30,598 - luma_sensors - DEBUG - Date:04 Sep 19
2019-09-04 01:27:35,610 - luma_sensors - DEBUG - Plex:1.4Ghz, 44.55C
2019-09-04 01:27:40,142 - luma_sensors - DEBUG - Pi:400Mhz, 66.00C
2019-09-04 01:27:44,670 - luma_sensors - DEBUG - 74.75F, 981.02hPa
2019-09-04 01:27:48,719 - luma_sensors - DEBUG - 61.36% humidity
2019-09-04 01:27:59,812 - luma_sensors - INFO - Cycle 3 complete.
2019-09-04 01:27:59,813 - luma_sensors - INFO - Panel brightness now 70%
2019-09-04 01:28:03,838 - luma_sensors - DEBUG - Time:01:27:59
2019-09-04 01:28:07,647 - luma_sensors - DEBUG - Date:04 Sep 19
2019-09-04 01:28:12,642 - luma_sensors - DEBUG - Plex:1.4Ghz, 44.01C
2019-09-04 01:28:17,177 - luma_sensors - DEBUG - Pi:400Mhz, 66.00C
2019-09-04 01:28:21,704 - luma_sensors - DEBUG - 74.77F, 981.03hPa
2019-09-04 01:28:25,763 - luma_sensors - DEBUG - 61.36% humidity
2019-09-04 01:28:36,848 - luma_sensors - INFO - Cycle 4 complete.
2019-09-04 01:28:36,849 - luma_sensors - INFO - Panel brightness now 60%
2019-09-04 01:28:40,867 - luma_sensors - DEBUG - Time:01:28:36
2019-09-04 01:28:44,665 - luma_sensors - DEBUG - Date:04 Sep 19
2019-09-04 01:28:49,680 - luma_sensors - DEBUG - Plex:1.4Ghz, 44.55C
2019-09-04 01:28:54,205 - luma_sensors - DEBUG - Pi:400Mhz, 66.00C
2019-09-04 01:28:58,744 - luma_sensors - DEBUG - 74.77F, 981.01hPa
2019-09-04 01:29:02,790 - luma_sensors - DEBUG - 61.23% humidity
2019-09-04 01:29:13,861 - luma_sensors - INFO - Cycle 5 complete.
2019-09-04 01:29:13,862 - luma_sensors - INFO - Panel brightness now 50%
2019-09-04 01:29:17,892 - luma_sensors - DEBUG - Time:01:29:13
2019-09-04 01:29:21,699 - luma_sensors - DEBUG - Date:04 Sep 19
2019-09-04 01:29:26,701 - luma_sensors - DEBUG - Plex:1.4Ghz, 44.55C
2019-09-04 01:29:31,228 - luma_sensors - DEBUG - Pi:400Mhz, 66.00C
2019-09-04 01:29:35,495 - luma_sensors - DEBUG - 74.79F, 981.0hPa
2019-09-04 01:29:39,520 - luma_sensors - DEBUG - 61.18% humidity
2019-09-04 01:29:50,583 - luma_sensors - INFO - Cycle 6 complete.
2019-09-04 01:29:50,584 - luma_sensors - INFO - Panel brightness now 40%
2019-09-04 01:29:53,082 - luma_sensors - DEBUG - luma_sensors process started.
2019-09-04 01:29:53,083 - luma_sensors - DEBUG - The process id of luma_sensors is 25640
2019-09-04 01:29:53,914 - luma_sensors - INFO - Panel brightness now 100%
2019-09-04 01:29:57,982 - luma_sensors - DEBUG - Time:01:29:53
2019-09-04 01:30:01,776 - luma_sensors - DEBUG - Date:04 Sep 19
2019-09-04 01:30:06,784 - luma_sensors - DEBUG - Plex:1.4Ghz, 44.55C
2019-09-04 01:30:11,298 - luma_sensors - DEBUG - Pi:300Mhz, 65.00C
2019-09-04 01:30:15,344 - luma_sensors - DEBUG - 74.8F, 981.0hPa
2019-09-04 01:30:19,379 - luma_sensors - DEBUG - 61.21% humidity
2019-09-04 01:30:30,418 - luma_sensors - INFO - Cycle 1 complete.
2019-09-04 01:30:30,419 - luma_sensors - INFO - Panel brightness now 90%
2019-09-04 01:30:34,427 - luma_sensors - DEBUG - Time:01:30:30
2019-09-04 01:30:38,229 - luma_sensors - DEBUG - Date:04 Sep 19
2019-09-04 01:30:43,245 - luma_sensors - DEBUG - Plex:1.4Ghz, 44.55C
2019-09-04 01:30:47,764 - luma_sensors - DEBUG - Pi:400Mhz, 68.00C
2019-09-04 01:31:36,737 - luma_sensors - DEBUG - luma_sensors process started.
2019-09-04 01:31:36,738 - luma_sensors - DEBUG - The process id of luma_sensors is 28329
2019-09-04 01:31:37,573 - luma_sensors - INFO - Panel brightness now 100%
2019-09-04 01:31:41,629 - luma_sensors - DEBUG - Time:01:31:37
2019-09-04 01:31:45,423 - luma_sensors - DEBUG - Date:04 Sep 19
2019-09-04 01:31:50,429 - luma_sensors - DEBUG - Plex:1.4Ghz, 44.01C
2019-09-04 01:31:55,184 - luma_sensors - DEBUG - Pi:1100Mhz, 86.00C
2019-09-04 01:31:59,710 - luma_sensors - DEBUG - 74.86F, 980.98hPa
2019-09-04 01:32:03,753 - luma_sensors - DEBUG - 61.12% humidity
2019-09-04 01:32:14,812 - luma_sensors - INFO - Cycle 1 complete.
2019-09-04 01:32:14,813 - luma_sensors - INFO - Panel brightness now 90%
2019-09-04 01:32:18,834 - luma_sensors - DEBUG - Time:01:32:14
2019-09-04 01:32:22,661 - luma_sensors - DEBUG - Date:04 Sep 19
2019-09-04 01:32:27,679 - luma_sensors - DEBUG - Plex:1.4Ghz, 44.01C
2019-09-04 01:32:32,204 - luma_sensors - DEBUG - Pi:400Mhz, 62.00C
2019-09-04 01:32:36,728 - luma_sensors - DEBUG - 74.88F, 981.02hPa
2019-09-04 01:32:40,774 - luma_sensors - DEBUG - 61.16% humidity
2019-09-04 01:32:51,852 - luma_sensors - INFO - Cycle 2 complete.
2019-09-04 01:32:51,853 - luma_sensors - INFO - Panel brightness now 80%
2019-09-04 01:32:55,889 - luma_sensors - DEBUG - Time:01:32:51
2019-09-04 01:32:59,693 - luma_sensors - DEBUG - Date:04 Sep 19
2019-09-04 01:33:04,709 - luma_sensors - DEBUG - Plex:1.4Ghz, 44.55C
2019-09-04 01:33:09,227 - luma_sensors - DEBUG - Pi:500Mhz, 60.00C
2019-09-04 01:33:13,506 - luma_sensors - DEBUG - 74.88F, 981.0hPa
2019-09-04 01:33:17,549 - luma_sensors - DEBUG - 61.05% humidity
2019-09-04 01:33:28,634 - luma_sensors - INFO - Cycle 3 complete.
2019-09-04 01:33:28,635 - luma_sensors - INFO - Panel brightness now 70%
2019-09-04 01:33:32,661 - luma_sensors - DEBUG - Time:01:33:28
2019-09-04 01:33:36,465 - luma_sensors - DEBUG - Date:04 Sep 19
2019-09-04 01:33:41,474 - luma_sensors - DEBUG - Plex:1.4Ghz, 44.01C
2019-09-04 01:33:46,009 - luma_sensors - DEBUG - Pi:400Mhz, 60.00C
2019-09-04 01:33:50,286 - luma_sensors - DEBUG - 74.88F, 981.0hPa
2019-09-04 01:33:54,326 - luma_sensors - DEBUG - 61.12% humidity
2019-09-04 01:34:05,413 - luma_sensors - INFO - Cycle 4 complete.
2019-09-04 01:34:05,414 - luma_sensors - INFO - Panel brightness now 60%
2019-09-04 01:34:09,428 - luma_sensors - DEBUG - Time:01:34:05
2019-09-04 01:34:13,232 - luma_sensors - DEBUG - Date:04 Sep 19
2019-09-04 01:34:18,255 - luma_sensors - DEBUG - Plex:1.4Ghz, 45.08C
2019-09-04 01:34:23,013 - luma_sensors - DEBUG - Pi:1500Mhz, 60.00C
2019-09-04 01:34:27,300 - luma_sensors - DEBUG - 74.88F, 981.0hPa
2019-09-04 01:34:31,352 - luma_sensors - DEBUG - 61.12% humidity
2019-09-04 01:34:42,436 - luma_sensors - INFO - Cycle 5 complete.
2019-09-04 01:34:42,437 - luma_sensors - INFO - Panel brightness now 50%
2019-09-04 01:34:46,457 - luma_sensors - DEBUG - Time:01:34:42
2019-09-04 01:34:50,284 - luma_sensors - DEBUG - Date:04 Sep 19
2019-09-04 01:34:55,307 - luma_sensors - DEBUG - Plex:1.4Ghz, 44.55C
2019-09-04 01:34:59,832 - luma_sensors - DEBUG - Pi:500Mhz, 70.00C
2019-09-04 01:35:04,132 - luma_sensors - DEBUG - 74.86F, 981.0hPa
2019-09-04 01:35:08,175 - luma_sensors - DEBUG - 61.12% humidity
2019-09-04 01:35:19,266 - luma_sensors - INFO - Cycle 6 complete.
2019-09-04 01:35:19,267 - luma_sensors - INFO - Panel brightness now 40%
2019-09-04 01:35:23,293 - luma_sensors - DEBUG - Time:01:35:19
2019-09-04 01:35:27,097 - luma_sensors - DEBUG - Date:04 Sep 19
2019-09-04 01:35:32,099 - luma_sensors - DEBUG - Plex:1.4Ghz, 44.55C
2019-09-04 01:35:49,889 - luma_sensors - DEBUG - luma_sensors process started.
2019-09-04 01:35:49,889 - luma_sensors - DEBUG - The process id of luma_sensors is 2121
2019-09-04 01:35:50,724 - luma_sensors - INFO - Panel brightness now 100%
2019-09-04 01:35:54,768 - luma_sensors - DEBUG - Time:01:35:50
2019-09-04 01:35:58,582 - luma_sensors - DEBUG - Date:04 Sep 19
2019-09-04 01:36:03,587 - luma_sensors - DEBUG - Plex:1.4Ghz, 45.08C
2019-09-04 01:36:08,111 - luma_sensors - DEBUG - Pi:200Mhz, 63.00C
2019-09-04 01:36:12,378 - luma_sensors - DEBUG - 74.8F, 980.92hPa
2019-09-04 01:36:16,417 - luma_sensors - DEBUG - 61.12% humidity
2019-09-04 01:36:27,515 - luma_sensors - INFO - Cycle 1 complete.
2019-09-04 01:36:27,516 - luma_sensors - INFO - Panel brightness now 90%
2019-09-04 01:36:31,552 - luma_sensors - DEBUG - Time:01:36:27
2019-09-04 01:36:35,360 - luma_sensors - DEBUG - Date:04 Sep 19
2019-09-04 01:36:40,363 - luma_sensors - DEBUG - Plex:1.4Ghz, 44.01C
2019-09-04 01:36:44,891 - luma_sensors - DEBUG - Pi:500Mhz, 62.00C
2019-09-04 01:36:49,423 - luma_sensors - DEBUG - 74.84F, 980.91hPa
2019-09-04 01:36:53,239 - luma_sensors - DEBUG - 61.1% humidity
2019-09-04 01:37:04,325 - luma_sensors - INFO - Cycle 2 complete.
2019-09-04 01:37:04,326 - luma_sensors - INFO - Panel brightness now 80%
2019-09-04 01:37:08,328 - luma_sensors - DEBUG - Time:01:37:04
2019-09-04 01:37:12,129 - luma_sensors - DEBUG - Date:04 Sep 19
2019-09-04 01:37:17,142 - luma_sensors - DEBUG - Plex:1.4Ghz, 45.08C
2019-09-04 01:37:21,686 - luma_sensors - DEBUG - Pi:200Mhz, 60.00C
2019-09-04 01:37:26,222 - luma_sensors - DEBUG - 74.86F, 980.89hPa
2019-09-04 01:37:30,272 - luma_sensors - DEBUG - 60.97% humidity
2019-09-04 01:37:41,359 - luma_sensors - INFO - Cycle 3 complete.
2019-09-04 01:37:41,360 - luma_sensors - INFO - Panel brightness now 70%
2019-09-04 01:37:45,403 - luma_sensors - DEBUG - Time:01:37:41
2019-09-04 01:37:49,221 - luma_sensors - DEBUG - Date:04 Sep 19
2019-09-04 01:37:54,231 - luma_sensors - DEBUG - Plex:1.4Ghz, 44.01C
2019-09-04 01:37:58,749 - luma_sensors - DEBUG - Pi:300Mhz, 67.00C
2019-09-04 01:38:03,283 - luma_sensors - DEBUG - 74.88F, 980.93hPa
2019-09-04 01:38:07,322 - luma_sensors - DEBUG - 60.97% humidity
2019-09-04 01:38:18,394 - luma_sensors - INFO - Cycle 4 complete.
2019-09-04 01:38:18,395 - luma_sensors - INFO - Panel brightness now 60%
2019-09-04 01:38:22,430 - luma_sensors - DEBUG - Time:01:38:18
2019-09-04 01:38:26,231 - luma_sensors - DEBUG - Date:04 Sep 19
2019-09-04 01:38:31,250 - luma_sensors - DEBUG - Plex:1.4Ghz, 45.08C
2019-09-04 01:38:35,792 - luma_sensors - DEBUG - Pi:700Mhz, 63.00C
2019-09-04 01:38:40,321 - luma_sensors - DEBUG - 74.88F, 980.93hPa
2019-09-04 01:38:44,363 - luma_sensors - DEBUG - 60.98% humidity
2019-09-04 01:38:55,441 - luma_sensors - INFO - Cycle 5 complete.
2019-09-04 01:38:55,441 - luma_sensors - INFO - Panel brightness now 50%
2019-09-04 01:38:59,467 - luma_sensors - DEBUG - Time:01:38:55
2019-09-04 01:39:03,285 - luma_sensors - DEBUG - Date:04 Sep 19
2019-09-04 01:39:08,291 - luma_sensors - DEBUG - Plex:1.4Ghz, 44.55C
2019-09-04 01:39:12,831 - luma_sensors - DEBUG - Pi:300Mhz, 61.00C
2019-09-04 01:39:17,357 - luma_sensors - DEBUG - 74.86F, 980.89hPa
2019-09-04 01:39:21,416 - luma_sensors - DEBUG - 61.17% humidity
2019-09-04 01:39:32,519 - luma_sensors - INFO - Cycle 6 complete.
2019-09-04 01:39:32,520 - luma_sensors - INFO - Panel brightness now 40%
2019-09-04 01:39:36,551 - luma_sensors - DEBUG - Time:01:39:32
2019-09-04 01:39:40,369 - luma_sensors - DEBUG - Date:04 Sep 19
2019-09-04 01:39:45,375 - luma_sensors - DEBUG - Plex:1.4Ghz, 44.01C
2019-09-04 01:39:49,896 - luma_sensors - DEBUG - Pi:200Mhz, 61.00C
2019-09-04 01:39:54,187 - luma_sensors - DEBUG - 74.86F, 980.9hPa
2019-09-04 01:39:58,219 - luma_sensors - DEBUG - 61.13% humidity
2019-09-04 01:40:09,323 - luma_sensors - INFO - Cycle 7 complete.
2019-09-04 01:40:09,324 - luma_sensors - INFO - Panel brightness now 30%
2019-09-04 01:40:13,334 - luma_sensors - DEBUG - Time:01:40:09
2019-09-04 01:40:17,143 - luma_sensors - DEBUG - Date:04 Sep 19
2019-09-04 01:40:22,149 - luma_sensors - DEBUG - Plex:1.4Ghz, 45.08C
2019-09-04 01:40:26,686 - luma_sensors - DEBUG - Pi:900Mhz, 63.00C
2019-09-04 01:40:31,215 - luma_sensors - DEBUG - 74.84F, 980.91hPa
2019-09-04 01:40:35,261 - luma_sensors - DEBUG - 61.13% humidity
2019-09-04 01:40:46,342 - luma_sensors - INFO - Cycle 8 complete.
2019-09-04 01:40:46,343 - luma_sensors - INFO - Panel brightness now 20%
2019-09-04 01:40:50,359 - luma_sensors - DEBUG - Time:01:40:46
2019-09-04 01:40:54,173 - luma_sensors - DEBUG - Date:04 Sep 19
2019-09-04 01:40:59,183 - luma_sensors - DEBUG - Plex:1.4Ghz, 45.08C
2019-09-04 01:41:03,945 - luma_sensors - DEBUG - Pi:1200Mhz, 62.00C
2019-09-04 01:41:08,480 - luma_sensors - DEBUG - 74.84F, 980.91hPa
2019-09-04 01:41:12,521 - luma_sensors - DEBUG - 61.12% humidity
2019-09-04 01:41:23,591 - luma_sensors - INFO - Cycle 9 complete.
2019-09-04 01:41:23,593 - luma_sensors - INFO - Panel brightness now 10%
2019-09-04 01:41:27,651 - luma_sensors - DEBUG - Time:01:41:23
2019-09-04 01:41:31,463 - luma_sensors - DEBUG - Date:04 Sep 19
2019-09-04 01:41:36,465 - luma_sensors - DEBUG - Plex:1.4Ghz, 44.01C
2019-09-04 01:41:40,989 - luma_sensors - DEBUG - Pi:600Mhz, 62.00C
2019-09-04 01:41:45,507 - luma_sensors - DEBUG - 74.82F, 980.89hPa
2019-09-04 01:41:49,545 - luma_sensors - DEBUG - 61.09% humidity
2019-09-04 01:42:00,628 - luma_sensors - INFO - Cycle 10 complete.
2019-09-04 01:42:00,629 - luma_sensors - INFO - Panel brightness now 0%
2019-09-04 01:42:04,685 - luma_sensors - DEBUG - Time:01:42:00
2019-09-04 01:42:08,508 - luma_sensors - DEBUG - Date:04 Sep 19
2019-09-04 01:42:13,511 - luma_sensors - DEBUG - Plex:1.4Ghz, 44.55C
2019-09-04 01:42:18,041 - luma_sensors - DEBUG - Pi:200Mhz, 66.00C
2019-09-04 01:42:22,335 - luma_sensors - DEBUG - 74.82F, 980.9hPa
2019-09-04 01:42:26,392 - luma_sensors - DEBUG - 61.08% humidity
2019-09-04 01:42:37,484 - luma_sensors - INFO - Cycle 11 complete. Powersave 1 of 100.
2019-09-04 01:42:37,485 - luma_sensors - INFO - Panel brightness now 0%
2019-09-04 01:42:41,499 - luma_sensors - DEBUG - Time:01:42:37
2019-09-04 01:42:45,306 - luma_sensors - DEBUG - Date:04 Sep 19
2019-09-04 01:42:50,335 - luma_sensors - DEBUG - Plex:1.4Ghz, 45.08C
2019-09-04 01:42:54,846 - luma_sensors - DEBUG - Pi:400Mhz, 63.00C
2019-09-04 01:42:58,897 - luma_sensors - DEBUG - 74.8F, 980.9hPa
2019-09-04 01:43:02,947 - luma_sensors - DEBUG - 61.08% humidity
2019-09-04 01:43:14,009 - luma_sensors - INFO - Cycle 12 complete. Powersave 2 of 100.
2019-09-04 01:43:14,009 - luma_sensors - INFO - Panel brightness now 0%
2019-09-04 01:43:18,025 - luma_sensors - DEBUG - Time:01:43:14
2019-09-04 01:43:21,825 - luma_sensors - DEBUG - Date:04 Sep 19
2019-09-04 01:43:26,837 - luma_sensors - DEBUG - Plex:1.4Ghz, 44.55C
2019-09-04 01:43:31,360 - luma_sensors - DEBUG - Pi:300Mhz, 64.00C
2019-09-04 01:43:35,400 - luma_sensors - DEBUG - 74.8F, 980.9hPa
2019-09-04 01:43:39,444 - luma_sensors - DEBUG - 61.08% humidity
2019-09-04 01:58:03,387 - luma_sensors - DEBUG - luma_sensors process started.
2019-09-04 01:58:03,388 - luma_sensors - DEBUG - The process id of luma_sensors is 29317
2019-09-04 01:58:04,169 - luma_sensors - INFO - Panel brightness now 100%
2019-09-04 01:58:07,955 - luma_sensors - DEBUG - Time:01:58:04
2019-09-04 01:58:11,468 - luma_sensors - DEBUG - Date:04 Sep 19
2019-09-04 01:58:16,091 - luma_sensors - DEBUG - Plex:1.4Ghz, 44.01C
2019-09-04 01:58:20,273 - luma_sensors - DEBUG - Pi:200Mhz, 65.00C
2019-09-04 01:58:24,475 - luma_sensors - DEBUG - 74.41F, 980.81hPa
2019-09-04 01:58:28,224 - luma_sensors - DEBUG - 61.35% humidity
2019-09-04 01:58:38,447 - luma_sensors - INFO - Cycle 1 complete.
2019-09-04 01:58:38,450 - luma_sensors - INFO - Panel brightness now 90%
2019-09-04 01:58:42,213 - luma_sensors - DEBUG - Time:01:58:38
2019-09-04 01:58:45,741 - luma_sensors - DEBUG - Date:04 Sep 19
2019-09-04 01:58:50,382 - luma_sensors - DEBUG - Plex:1.4Ghz, 43.47C
2019-09-04 01:58:54,592 - luma_sensors - DEBUG - Pi:400Mhz, 66.00C
2019-09-04 01:58:58,804 - luma_sensors - DEBUG - 74.43F, 980.82hPa
2019-09-04 01:59:02,547 - luma_sensors - DEBUG - 61.36% humidity
2019-09-04 01:59:12,793 - luma_sensors - INFO - Cycle 2 complete.
2019-09-04 01:59:12,795 - luma_sensors - INFO - Panel brightness now 80%
2019-09-04 01:59:16,552 - luma_sensors - DEBUG - Time:01:59:12
2019-09-04 01:59:20,074 - luma_sensors - DEBUG - Date:04 Sep 19
2019-09-04 01:59:24,714 - luma_sensors - DEBUG - Plex:1.4Ghz, 44.01C
2019-09-04 01:59:28,928 - luma_sensors - DEBUG - Pi:500Mhz, 66.00C
2019-09-04 01:59:33,138 - luma_sensors - DEBUG - 74.44F, 980.81hPa
2019-09-04 01:59:36,904 - luma_sensors - DEBUG - 61.33% humidity
2019-09-04 01:59:47,194 - luma_sensors - INFO - Cycle 3 complete.
2019-09-04 01:59:47,195 - luma_sensors - INFO - Panel brightness now 70%
2019-09-04 01:59:50,940 - luma_sensors - DEBUG - Time:01:59:47
2019-09-04 01:59:54,474 - luma_sensors - DEBUG - Date:04 Sep 19
2019-09-04 01:59:59,130 - luma_sensors - DEBUG - Plex:1.4Ghz, 43.47C
2019-09-04 02:00:03,380 - luma_sensors - DEBUG - Pi:300Mhz, 67.00C
2019-09-04 02:00:07,585 - luma_sensors - DEBUG - 74.46F, 980.83hPa
2019-09-04 02:00:11,344 - luma_sensors - DEBUG - 61.22% humidity
2019-09-04 02:00:21,634 - luma_sensors - INFO - Cycle 4 complete.
2019-09-04 02:00:21,635 - luma_sensors - INFO - Panel brightness now 60%
2019-09-04 02:00:25,408 - luma_sensors - DEBUG - Time:02:00:21
2019-09-04 02:00:28,950 - luma_sensors - DEBUG - Date:04 Sep 19
2019-09-04 02:00:33,605 - luma_sensors - DEBUG - Plex:1.4Ghz, 44.01C
2019-09-04 02:00:37,815 - luma_sensors - DEBUG - Pi:300Mhz, 66.00C
2019-09-04 02:00:42,023 - luma_sensors - DEBUG - 74.48F, 980.81hPa
2019-09-04 02:00:45,566 - luma_sensors - DEBUG - 61.2% humidity
2019-09-04 02:00:55,835 - luma_sensors - INFO - Cycle 5 complete.
2019-09-04 02:00:55,836 - luma_sensors - INFO - Panel brightness now 50%
2019-09-04 02:00:59,593 - luma_sensors - DEBUG - Time:02:00:55
2019-09-04 02:01:03,148 - luma_sensors - DEBUG - Date:04 Sep 19
2019-09-04 02:01:07,807 - luma_sensors - DEBUG - Plex:1.4Ghz, 43.47C
2019-09-04 02:01:12,018 - luma_sensors - DEBUG - Pi:200Mhz, 66.00C
2019-09-04 02:01:16,012 - luma_sensors - DEBUG - 74.5F, 980.82hPa
2019-09-04 02:01:19,772 - luma_sensors - DEBUG - 61.16% humidity
2019-09-04 02:01:30,005 - luma_sensors - INFO - Cycle 6 complete.
2019-09-04 02:01:30,006 - luma_sensors - INFO - Panel brightness now 40%
2019-09-04 02:01:33,774 - luma_sensors - DEBUG - Time:02:01:30
2019-09-04 02:01:37,321 - luma_sensors - DEBUG - Date:04 Sep 19
2019-09-04 02:01:41,966 - luma_sensors - DEBUG - Plex:1.4Ghz, 43.47C
2019-09-04 02:01:46,376 - luma_sensors - DEBUG - Pi:1300Mhz, 79.00C
2019-09-04 02:01:50,341 - luma_sensors - DEBUG - 74.5F, 980.82hPa
2019-09-04 02:01:54,119 - luma_sensors - DEBUG - 61.22% humidity
2019-09-04 02:02:04,422 - luma_sensors - INFO - Cycle 7 complete.
2019-09-04 02:02:04,423 - luma_sensors - INFO - Panel brightness now 30%
2019-09-04 02:02:08,209 - luma_sensors - DEBUG - Time:02:02:04
2019-09-04 02:02:11,764 - luma_sensors - DEBUG - Date:04 Sep 19
2019-09-04 02:02:16,405 - luma_sensors - DEBUG - Plex:1.4Ghz, 44.01C
2019-09-04 02:02:20,628 - luma_sensors - DEBUG - Pi:300Mhz, 60.00C
2019-09-04 02:02:24,396 - luma_sensors - DEBUG - 74.5F, 980.8hPa
2019-09-04 02:02:28,171 - luma_sensors - DEBUG - 61.28% humidity
2019-09-04 02:02:38,466 - luma_sensors - INFO - Cycle 8 complete.
2019-09-04 02:02:38,468 - luma_sensors - INFO - Panel brightness now 20%
2019-09-04 02:02:42,239 - luma_sensors - DEBUG - Time:02:02:38
2019-09-04 02:02:45,764 - luma_sensors - DEBUG - Date:04 Sep 19
2019-09-04 02:02:50,419 - luma_sensors - DEBUG - Plex:1.4Ghz, 45.08C
2019-09-04 02:02:54,646 - luma_sensors - DEBUG - Pi:200Mhz, 59.00C
2019-09-04 02:02:58,410 - luma_sensors - DEBUG - 74.5F, 980.8hPa
2019-09-04 02:03:02,189 - luma_sensors - DEBUG - 61.34% humidity
2019-09-04 02:03:12,478 - luma_sensors - INFO - Cycle 9 complete.
2019-09-04 02:03:12,485 - luma_sensors - INFO - Panel brightness now 10%
2019-09-04 02:03:16,282 - luma_sensors - DEBUG - Time:02:03:12
2019-09-04 02:03:19,836 - luma_sensors - DEBUG - Date:04 Sep 19
2019-09-04 02:03:24,477 - luma_sensors - DEBUG - Plex:1.4Ghz, 45.62C
2019-09-04 02:03:28,696 - luma_sensors - DEBUG - Pi:500Mhz, 59.00C
2019-09-04 02:03:32,460 - luma_sensors - DEBUG - 74.5F, 980.8hPa
2019-09-04 02:03:36,211 - luma_sensors - DEBUG - 61.28% humidity
2019-09-04 02:03:46,441 - luma_sensors - INFO - Cycle 10 complete.
2019-09-04 02:03:46,442 - luma_sensors - INFO - Panel brightness now 0%
2019-09-04 02:03:50,199 - luma_sensors - DEBUG - Time:02:03:46
2019-09-04 02:03:53,739 - luma_sensors - DEBUG - Date:04 Sep 19
2019-09-04 02:03:58,396 - luma_sensors - DEBUG - Plex:1.4Ghz, 45.08C
2019-09-04 02:04:02,605 - luma_sensors - DEBUG - Pi:300Mhz, 61.00C
2019-09-04 02:04:06,577 - luma_sensors - DEBUG - 74.5F, 980.79hPa
2019-09-04 02:04:10,333 - luma_sensors - DEBUG - 61.22% humidity
2019-09-04 02:04:20,586 - luma_sensors - INFO - Cycle 11 complete. Powersave 1 of 100.
2019-09-04 02:04:20,587 - luma_sensors - INFO - Panel brightness now 0%
2019-09-04 02:04:24,346 - luma_sensors - DEBUG - Time:02:04:20
2019-09-04 02:04:27,878 - luma_sensors - DEBUG - Date:04 Sep 19
2019-09-04 02:04:32,543 - luma_sensors - DEBUG - Plex:1.4Ghz, 44.55C
2019-09-04 02:04:36,738 - luma_sensors - DEBUG - Pi:400Mhz, 62.00C
2019-09-04 02:04:40,700 - luma_sensors - DEBUG - 74.5F, 980.79hPa
2019-09-04 02:04:44,453 - luma_sensors - DEBUG - 61.19% humidity
2019-09-04 02:04:54,719 - luma_sensors - INFO - Cycle 12 complete. Powersave 2 of 100.
2019-09-04 02:04:54,719 - luma_sensors - INFO - Panel brightness now 0%
2019-09-04 02:04:58,473 - luma_sensors - DEBUG - Time:02:04:54
2019-09-04 02:05:02,016 - luma_sensors - DEBUG - Date:04 Sep 19
2019-09-04 02:05:06,658 - luma_sensors - DEBUG - Plex:1.4Ghz, 44.55C
2019-09-04 02:05:11,082 - luma_sensors - DEBUG - Pi:1000Mhz, 65.00C
2019-09-04 02:05:15,281 - luma_sensors - DEBUG - 74.52F, 980.77hPa
2019-09-04 02:05:19,048 - luma_sensors - DEBUG - 61.18% humidity
2019-09-04 02:05:29,357 - luma_sensors - INFO - Cycle 13 complete. Powersave 3 of 100.
2019-09-04 02:05:29,358 - luma_sensors - INFO - Panel brightness now 0%
2019-09-04 02:05:33,111 - luma_sensors - DEBUG - Time:02:05:29
2019-09-04 02:05:36,638 - luma_sensors - DEBUG - Date:04 Sep 19
2019-09-04 02:05:41,296 - luma_sensors - DEBUG - Plex:1.4Ghz, 44.01C
2019-09-04 02:05:45,509 - luma_sensors - DEBUG - Pi:300Mhz, 62.00C
2019-09-04 02:05:49,718 - luma_sensors - DEBUG - 74.52F, 980.75hPa
2019-09-04 02:05:53,488 - luma_sensors - DEBUG - 61.13% humidity
2019-09-04 02:06:03,777 - luma_sensors - INFO - Cycle 14 complete. Powersave 4 of 100.
2019-09-04 02:06:03,778 - luma_sensors - INFO - Panel brightness now 0%
2019-09-04 02:06:07,551 - luma_sensors - DEBUG - Time:02:06:03
2019-09-04 02:06:11,093 - luma_sensors - DEBUG - Date:04 Sep 19
2019-09-04 02:06:15,756 - luma_sensors - DEBUG - Plex:1.4Ghz, 44.55C
2019-09-04 02:06:20,191 - luma_sensors - DEBUG - Pi:1400Mhz, 62.00C
2019-09-04 02:06:24,180 - luma_sensors - DEBUG - 74.5F, 980.73hPa
2019-09-04 02:06:27,942 - luma_sensors - DEBUG - 61.15% humidity
2019-09-04 02:06:38,209 - luma_sensors - INFO - Cycle 15 complete. Powersave 5 of 100.
2019-09-04 02:06:38,210 - luma_sensors - INFO - Panel brightness now 0%
2019-09-04 02:06:41,975 - luma_sensors - DEBUG - Time:02:06:38
2019-09-04 02:06:45,519 - luma_sensors - DEBUG - Date:04 Sep 19
2019-09-04 02:06:50,165 - luma_sensors - DEBUG - Plex:1.4Ghz, 44.01C
2019-09-04 02:06:54,364 - luma_sensors - DEBUG - Pi:600Mhz, 63.00C
2019-09-04 02:06:58,346 - luma_sensors - DEBUG - 74.5F, 980.71hPa
2019-09-04 02:07:02,090 - luma_sensors - DEBUG - 61.13% humidity
2019-09-04 02:07:12,341 - luma_sensors - INFO - Cycle 16 complete. Powersave 6 of 100.
2019-09-04 02:07:12,342 - luma_sensors - INFO - Panel brightness now 0%
2019-09-04 02:07:16,102 - luma_sensors - DEBUG - Time:02:07:12
2019-09-04 02:07:19,627 - luma_sensors - DEBUG - Date:04 Sep 19
2019-09-04 02:07:24,262 - luma_sensors - DEBUG - Plex:1.4Ghz, 44.01C
2019-09-04 02:07:28,462 - luma_sensors - DEBUG - Pi:900Mhz, 64.00C
2019-09-04 02:07:32,221 - luma_sensors - DEBUG - 74.5F, 980.7hPa
2019-09-04 02:07:35,978 - luma_sensors - DEBUG - 61.16% humidity
2019-09-04 02:07:46,252 - luma_sensors - INFO - Cycle 17 complete. Powersave 7 of 100.
2019-09-04 02:07:46,252 - luma_sensors - INFO - Panel brightness now 0%
2019-09-04 02:07:50,009 - luma_sensors - DEBUG - Time:02:07:46
2019-09-04 02:07:53,542 - luma_sensors - DEBUG - Date:04 Sep 19
2019-09-04 02:07:58,181 - luma_sensors - DEBUG - Plex:1.4Ghz, 44.01C
2019-09-04 02:08:02,366 - luma_sensors - DEBUG - Pi:900Mhz, 64.00C
2019-09-04 02:08:06,334 - luma_sensors - DEBUG - 74.5F, 980.68hPa
2019-09-04 02:08:10,077 - luma_sensors - DEBUG - 61.15% humidity
2019-09-04 02:08:20,335 - luma_sensors - INFO - Cycle 18 complete. Powersave 8 of 100.
2019-09-04 02:08:20,336 - luma_sensors - INFO - Panel brightness now 0%
2019-09-04 02:08:24,099 - luma_sensors - DEBUG - Time:02:08:20
2019-09-04 02:08:27,630 - luma_sensors - DEBUG - Date:04 Sep 19
2019-09-04 02:08:32,256 - luma_sensors - DEBUG - Plex:1.4Ghz, 44.01C
2019-09-04 02:08:36,442 - luma_sensors - DEBUG - Pi:300Mhz, 65.00C
2019-09-04 02:08:40,404 - luma_sensors - DEBUG - 74.5F, 980.66hPa
2019-09-04 02:08:44,156 - luma_sensors - DEBUG - 61.15% humidity
2019-09-04 02:08:54,417 - luma_sensors - INFO - Cycle 19 complete. Powersave 9 of 100.
2019-09-04 02:08:54,418 - luma_sensors - INFO - Panel brightness now 0%
2019-09-04 02:08:58,177 - luma_sensors - DEBUG - Time:02:08:54
2019-09-04 02:09:01,699 - luma_sensors - DEBUG - Date:04 Sep 19
2019-09-04 02:09:06,343 - luma_sensors - DEBUG - Plex:1.4Ghz, 44.01C
2019-09-04 02:09:10,556 - luma_sensors - DEBUG - Pi:900Mhz, 66.00C
2019-09-04 02:09:14,533 - luma_sensors - DEBUG - 74.5F, 980.64hPa
2019-09-04 02:09:18,286 - luma_sensors - DEBUG - 61.16% humidity
2019-09-04 02:09:28,538 - luma_sensors - INFO - Cycle 20 complete. Powersave 10 of 100.
2019-09-04 02:09:28,539 - luma_sensors - INFO - Panel brightness now 0%
2019-09-04 02:09:32,315 - luma_sensors - DEBUG - Time:02:09:28
2019-09-04 02:09:35,859 - luma_sensors - DEBUG - Date:04 Sep 19
2019-09-04 02:09:40,520 - luma_sensors - DEBUG - Plex:1.4Ghz, 44.01C
2019-09-04 02:09:44,731 - luma_sensors - DEBUG - Pi:200Mhz, 65.00C
2019-09-04 02:09:48,946 - luma_sensors - DEBUG - 74.48F, 980.63hPa
2019-09-04 02:09:52,710 - luma_sensors - DEBUG - 61.14% humidity
2019-09-04 02:10:02,976 - luma_sensors - INFO - Cycle 21 complete. Powersave 11 of 100.
2019-09-04 02:10:02,977 - luma_sensors - INFO - Panel brightness now 0%
2019-09-04 02:10:06,736 - luma_sensors - DEBUG - Time:02:10:02
2019-09-04 02:10:10,256 - luma_sensors - DEBUG - Date:04 Sep 19
2019-09-04 02:10:14,907 - luma_sensors - DEBUG - Plex:1.4Ghz, 44.01C
2019-09-04 02:10:19,342 - luma_sensors - DEBUG - Pi:1100Mhz, 66.00C
2019-09-04 02:10:23,553 - luma_sensors - DEBUG - 74.48F, 980.62hPa
2019-09-04 02:10:27,319 - luma_sensors - DEBUG - 61.13% humidity
2019-09-04 02:10:37,608 - luma_sensors - INFO - Cycle 22 complete. Powersave 12 of 100.
2019-09-04 02:10:37,609 - luma_sensors - INFO - Panel brightness now 0%
2019-09-04 02:10:41,374 - luma_sensors - DEBUG - Time:02:10:37
2019-09-04 02:10:44,896 - luma_sensors - DEBUG - Date:04 Sep 19
2019-09-04 02:10:49,524 - luma_sensors - DEBUG - Plex:1.4Ghz, 44.01C
2019-09-04 02:10:53,712 - luma_sensors - DEBUG - Pi:200Mhz, 65.00C
2019-09-04 02:10:57,899 - luma_sensors - DEBUG - 74.48F, 980.61hPa
2019-09-04 02:11:01,646 - luma_sensors - DEBUG - 61.15% humidity
2019-09-04 02:11:11,898 - luma_sensors - INFO - Cycle 23 complete. Powersave 13 of 100.
2019-09-04 02:11:11,899 - luma_sensors - INFO - Panel brightness now 0%
2019-09-04 02:11:15,636 - luma_sensors - DEBUG - Time:02:11:11
2019-09-04 02:11:19,168 - luma_sensors - DEBUG - Date:04 Sep 19
2019-09-04 02:11:23,806 - luma_sensors - DEBUG - Plex:1.4Ghz, 44.55C
2019-09-04 02:11:28,010 - luma_sensors - DEBUG - Pi:200Mhz, 65.00C
2019-09-04 02:11:32,196 - luma_sensors - DEBUG - 74.48F, 980.57hPa
20